<?xml version="1.0" encoding="UTF-8"?>
<testsuite xmlns:xsi="http://www.w3.org/2001/XMLSchema-instance" xsi:noNamespaceSchemaLocation="https://maven.apache.org/surefire/maven-surefire-plugin/xsd/surefire-test-report-3.0.xsd" version="3.0" name="discussionforum.Controllers.PostControllerTest" time="0.564" tests="16" errors="0" skipped="0" failures="11">
  <properties>
    <property name="java.specification.version" value="21"/>
    <property name="sun.cpu.isalist" value="amd64"/>
    <property name="sun.jnu.encoding" value="Cp1250"/>
    <property name="java.class.path" value="C:\Users\rajta\OneDrive\DiscussionForum\DiscussionForum\target\test-classes;C:\Users\rajta\OneDrive\DiscussionForum\DiscussionForum\target\classes;C:\Users\rajta\.m2\repository\org\springframework\boot\spring-boot-starter-web\3.3.2\spring-boot-starter-web-3.3.2.jar;C:\Users\rajta\.m2\repository\org\springframework\boot\spring-boot-starter\3.3.2\spring-boot-starter-3.3.2.jar;C:\Users\rajta\.m2\repository\org\springframework\boot\spring-boot\3.3.2\spring-boot-3.3.2.jar;C:\Users\rajta\.m2\repository\org\springframework\boot\spring-boot-autoconfigure\3.3.2\spring-boot-autoconfigure-3.3.2.jar;C:\Users\rajta\.m2\repository\org\springframework\boot\spring-boot-starter-logging\3.3.2\spring-boot-starter-logging-3.3.2.jar;C:\Users\rajta\.m2\repository\ch\qos\logback\logback-classic\1.5.6\logback-classic-1.5.6.jar;C:\Users\rajta\.m2\repository\ch\qos\logback\logback-core\1.5.6\logback-core-1.5.6.jar;C:\Users\rajta\.m2\repository\org\apache\logging\log4j\log4j-to-slf4j\2.23.1\log4j-to-slf4j-2.23.1.jar;C:\Users\rajta\.m2\repository\org\apache\logging\log4j\log4j-api\2.23.1\log4j-api-2.23.1.jar;C:\Users\rajta\.m2\repository\org\slf4j\jul-to-slf4j\2.0.13\jul-to-slf4j-2.0.13.jar;C:\Users\rajta\.m2\repository\jakarta\annotation\jakarta.annotation-api\2.1.1\jakarta.annotation-api-2.1.1.jar;C:\Users\rajta\.m2\repository\org\yaml\snakeyaml\2.2\snakeyaml-2.2.jar;C:\Users\rajta\.m2\repository\org\springframework\boot\spring-boot-starter-json\3.3.2\spring-boot-starter-json-3.3.2.jar;C:\Users\rajta\.m2\repository\com\fasterxml\jackson\core\jackson-databind\2.17.2\jackson-databind-2.17.2.jar;C:\Users\rajta\.m2\repository\com\fasterxml\jackson\core\jackson-annotations\2.17.2\jackson-annotations-2.17.2.jar;C:\Users\rajta\.m2\repository\com\fasterxml\jackson\core\jackson-core\2.17.2\jackson-core-2.17.2.jar;C:\Users\rajta\.m2\repository\com\fasterxml\jackson\datatype\jackson-datatype-jdk8\2.17.2\jackson-datatype-jdk8-2.17.2.jar;C:\Users\rajta\.m2\repository\com\fasterxml\jackson\datatype\jackson-datatype-jsr310\2.17.2\jackson-datatype-jsr310-2.17.2.jar;C:\Users\rajta\.m2\repository\com\fasterxml\jackson\module\jackson-module-parameter-names\2.17.2\jackson-module-parameter-names-2.17.2.jar;C:\Users\rajta\.m2\repository\org\springframework\boot\spring-boot-starter-tomcat\3.3.2\spring-boot-starter-tomcat-3.3.2.jar;C:\Users\rajta\.m2\repository\org\apache\tomcat\embed\tomcat-embed-core\10.1.26\tomcat-embed-core-10.1.26.jar;C:\Users\rajta\.m2\repository\org\apache\tomcat\embed\tomcat-embed-websocket\10.1.26\tomcat-embed-websocket-10.1.26.jar;C:\Users\rajta\.m2\repository\org\springframework\spring-web\6.1.11\spring-web-6.1.11.jar;C:\Users\rajta\.m2\repository\org\springframework\spring-beans\6.1.11\spring-beans-6.1.11.jar;C:\Users\rajta\.m2\repository\io\micrometer\micrometer-observation\1.13.2\micrometer-observation-1.13.2.jar;C:\Users\rajta\.m2\repository\io\micrometer\micrometer-commons\1.13.2\micrometer-commons-1.13.2.jar;C:\Users\rajta\.m2\repository\org\springframework\spring-webmvc\6.1.11\spring-webmvc-6.1.11.jar;C:\Users\rajta\.m2\repository\org\springframework\spring-context\6.1.11\spring-context-6.1.11.jar;C:\Users\rajta\.m2\repository\org\springframework\spring-expression\6.1.11\spring-expression-6.1.11.jar;C:\Users\rajta\.m2\repository\org\springframework\boot\spring-boot-starter-thymeleaf\3.3.2\spring-boot-starter-thymeleaf-3.3.2.jar;C:\Users\rajta\.m2\repository\org\thymeleaf\thymeleaf-spring6\3.1.2.RELEASE\thymeleaf-spring6-3.1.2.RELEASE.jar;C:\Users\rajta\.m2\repository\org\thymeleaf\thymeleaf\3.1.2.RELEASE\thymeleaf-3.1.2.RELEASE.jar;C:\Users\rajta\.m2\repository\org\attoparser\attoparser\2.0.7.RELEASE\attoparser-2.0.7.RELEASE.jar;C:\Users\rajta\.m2\repository\org\unbescape\unbescape\1.1.6.RELEASE\unbescape-1.1.6.RELEASE.jar;C:\Users\rajta\.m2\repository\org\springframework\boot\spring-boot-starter-data-jpa\3.3.2\spring-boot-starter-data-jpa-3.3.2.jar;C:\Users\rajta\.m2\repository\org\springframework\boot\spring-boot-starter-aop\3.3.2\spring-boot-starter-aop-3.3.2.jar;C:\Users\rajta\.m2\repository\org\aspectj\aspectjweaver\1.9.22.1\aspectjweaver-1.9.22.1.jar;C:\Users\rajta\.m2\repository\org\springframework\boot\spring-boot-starter-jdbc\3.3.2\spring-boot-starter-jdbc-3.3.2.jar;C:\Users\rajta\.m2\repository\com\zaxxer\HikariCP\5.1.0\HikariCP-5.1.0.jar;C:\Users\rajta\.m2\repository\org\springframework\spring-jdbc\6.1.11\spring-jdbc-6.1.11.jar;C:\Users\rajta\.m2\repository\org\hibernate\orm\hibernate-core\6.5.2.Final\hibernate-core-6.5.2.Final.jar;C:\Users\rajta\.m2\repository\jakarta\persistence\jakarta.persistence-api\3.1.0\jakarta.persistence-api-3.1.0.jar;C:\Users\rajta\.m2\repository\jakarta\transaction\jakarta.transaction-api\2.0.1\jakarta.transaction-api-2.0.1.jar;C:\Users\rajta\.m2\repository\org\jboss\logging\jboss-logging\3.5.3.Final\jboss-logging-3.5.3.Final.jar;C:\Users\rajta\.m2\repository\org\hibernate\common\hibernate-commons-annotations\6.0.6.Final\hibernate-commons-annotations-6.0.6.Final.jar;C:\Users\rajta\.m2\repository\io\smallrye\jandex\3.1.2\jandex-3.1.2.jar;C:\Users\rajta\.m2\repository\com\fasterxml\classmate\1.7.0\classmate-1.7.0.jar;C:\Users\rajta\.m2\repository\net\bytebuddy\byte-buddy\1.14.18\byte-buddy-1.14.18.jar;C:\Users\rajta\.m2\repository\org\glassfish\jaxb\jaxb-runtime\4.0.5\jaxb-runtime-4.0.5.jar;C:\Users\rajta\.m2\repository\org\glassfish\jaxb\jaxb-core\4.0.5\jaxb-core-4.0.5.jar;C:\Users\rajta\.m2\repository\org\eclipse\angus\angus-activation\2.0.2\angus-activation-2.0.2.jar;C:\Users\rajta\.m2\repository\org\glassfish\jaxb\txw2\4.0.5\txw2-4.0.5.jar;C:\Users\rajta\.m2\repository\com\sun\istack\istack-commons-runtime\4.1.2\istack-commons-runtime-4.1.2.jar;C:\Users\rajta\.m2\repository\jakarta\inject\jakarta.inject-api\2.0.1\jakarta.inject-api-2.0.1.jar;C:\Users\rajta\.m2\repository\org\antlr\antlr4-runtime\4.13.0\antlr4-runtime-4.13.0.jar;C:\Users\rajta\.m2\repository\org\springframework\data\spring-data-jpa\3.3.2\spring-data-jpa-3.3.2.jar;C:\Users\rajta\.m2\repository\org\springframework\data\spring-data-commons\3.3.2\spring-data-commons-3.3.2.jar;C:\Users\rajta\.m2\repository\org\springframework\spring-orm\6.1.11\spring-orm-6.1.11.jar;C:\Users\rajta\.m2\repository\org\springframework\spring-tx\6.1.11\spring-tx-6.1.11.jar;C:\Users\rajta\.m2\repository\org\springframework\spring-aspects\6.1.11\spring-aspects-6.1.11.jar;C:\Users\rajta\.m2\repository\org\springframework\boot\spring-boot-starter-security\3.3.2\spring-boot-starter-security-3.3.2.jar;C:\Users\rajta\.m2\repository\org\springframework\spring-aop\6.1.11\spring-aop-6.1.11.jar;C:\Users\rajta\.m2\repository\org\springframework\security\spring-security-config\6.3.1\spring-security-config-6.3.1.jar;C:\Users\rajta\.m2\repository\org\springframework\security\spring-security-web\6.3.1\spring-security-web-6.3.1.jar;C:\Users\rajta\.m2\repository\org\springframework\boot\spring-boot-starter-validation\3.3.2\spring-boot-starter-validation-3.3.2.jar;C:\Users\rajta\.m2\repository\org\apache\tomcat\embed\tomcat-embed-el\10.1.26\tomcat-embed-el-10.1.26.jar;C:\Users\rajta\.m2\repository\org\hibernate\validator\hibernate-validator\8.0.1.Final\hibernate-validator-8.0.1.Final.jar;C:\Users\rajta\.m2\repository\jakarta\validation\jakarta.validation-api\3.0.2\jakarta.validation-api-3.0.2.jar;C:\Users\rajta\.m2\repository\com\h2database\h2\2.2.224\h2-2.2.224.jar;C:\Users\rajta\.m2\repository\org\springframework\boot\spring-boot-starter-test\3.3.2\spring-boot-starter-test-3.3.2.jar;C:\Users\rajta\.m2\repository\org\springframework\boot\spring-boot-test\3.3.2\spring-boot-test-3.3.2.jar;C:\Users\rajta\.m2\repository\org\springframework\boot\spring-boot-test-autoconfigure\3.3.2\spring-boot-test-autoconfigure-3.3.2.jar;C:\Users\rajta\.m2\repository\com\jayway\jsonpath\json-path\2.9.0\json-path-2.9.0.jar;C:\Users\rajta\.m2\repository\jakarta\xml\bind\jakarta.xml.bind-api\4.0.2\jakarta.xml.bind-api-4.0.2.jar;C:\Users\rajta\.m2\repository\jakarta\activation\jakarta.activation-api\2.1.3\jakarta.activation-api-2.1.3.jar;C:\Users\rajta\.m2\repository\net\minidev\json-smart\2.5.1\json-smart-2.5.1.jar;C:\Users\rajta\.m2\repository\net\minidev\accessors-smart\2.5.1\accessors-smart-2.5.1.jar;C:\Users\rajta\.m2\repository\org\ow2\asm\asm\9.6\asm-9.6.jar;C:\Users\rajta\.m2\repository\org\assertj\assertj-core\3.25.3\assertj-core-3.25.3.jar;C:\Users\rajta\.m2\repository\org\awaitility\awaitility\4.2.1\awaitility-4.2.1.jar;C:\Users\rajta\.m2\repository\org\hamcrest\hamcrest\2.2\hamcrest-2.2.jar;C:\Users\rajta\.m2\repository\org\junit\jupiter\junit-jupiter\5.10.3\junit-jupiter-5.10.3.jar;C:\Users\rajta\.m2\repository\org\junit\jupiter\junit-jupiter-api\5.10.3\junit-jupiter-api-5.10.3.jar;C:\Users\rajta\.m2\repository\org\opentest4j\opentest4j\1.3.0\opentest4j-1.3.0.jar;C:\Users\rajta\.m2\repository\org\junit\platform\junit-platform-commons\1.10.3\junit-platform-commons-1.10.3.jar;C:\Users\rajta\.m2\repository\org\apiguardian\apiguardian-api\1.1.2\apiguardian-api-1.1.2.jar;C:\Users\rajta\.m2\repository\org\junit\jupiter\junit-jupiter-params\5.10.3\junit-jupiter-params-5.10.3.jar;C:\Users\rajta\.m2\repository\org\junit\jupiter\junit-jupiter-engine\5.10.3\junit-jupiter-engine-5.10.3.jar;C:\Users\rajta\.m2\repository\org\junit\platform\junit-platform-engine\1.10.3\junit-platform-engine-1.10.3.jar;C:\Users\rajta\.m2\repository\org\mockito\mockito-core\5.11.0\mockito-core-5.11.0.jar;C:\Users\rajta\.m2\repository\net\bytebuddy\byte-buddy-agent\1.14.18\byte-buddy-agent-1.14.18.jar;C:\Users\rajta\.m2\repository\org\objenesis\objenesis\3.3\objenesis-3.3.jar;C:\Users\rajta\.m2\repository\org\mockito\mockito-junit-jupiter\5.11.0\mockito-junit-jupiter-5.11.0.jar;C:\Users\rajta\.m2\repository\org\skyscreamer\jsonassert\1.5.3\jsonassert-1.5.3.jar;C:\Users\rajta\.m2\repository\com\vaadin\external\google\android-json\0.0.20131108.vaadin1\android-json-0.0.20131108.vaadin1.jar;C:\Users\rajta\.m2\repository\org\springframework\spring-core\6.1.11\spring-core-6.1.11.jar;C:\Users\rajta\.m2\repository\org\springframework\spring-jcl\6.1.11\spring-jcl-6.1.11.jar;C:\Users\rajta\.m2\repository\org\springframework\spring-test\6.1.11\spring-test-6.1.11.jar;C:\Users\rajta\.m2\repository\org\xmlunit\xmlunit-core\2.9.1\xmlunit-core-2.9.1.jar;C:\Users\rajta\.m2\repository\org\springframework\security\spring-security-test\6.3.1\spring-security-test-6.3.1.jar;C:\Users\rajta\.m2\repository\org\springframework\security\spring-security-core\6.3.1\spring-security-core-6.3.1.jar;C:\Users\rajta\.m2\repository\org\thymeleaf\extras\thymeleaf-extras-springsecurity6\3.1.2.RELEASE\thymeleaf-extras-springsecurity6-3.1.2.RELEASE.jar;C:\Users\rajta\.m2\repository\org\slf4j\slf4j-api\2.0.13\slf4j-api-2.0.13.jar;C:\Users\rajta\.m2\repository\org\springframework\security\spring-security-crypto\6.3.3\spring-security-crypto-6.3.3.jar;C:\Users\rajta\.m2\repository\commons-logging\commons-logging\1.2\commons-logging-1.2.jar;C:\Users\rajta\.m2\repository\com\mysql\mysql-connector-j\8.3.0\mysql-connector-j-8.3.0.jar;"/>
    <property name="java.vm.vendor" value="Eclipse Adoptium"/>
    <property name="sun.arch.data.model" value="64"/>
    <property name="user.variant" value=""/>
    <property name="java.vendor.url" value="https://adoptium.net/"/>
    <property name="user.timezone" value="Europe/Prague"/>
    <property name="org.jboss.logging.provider" value="slf4j"/>
    <property name="os.name" value="Windows 11"/>
    <property name="java.vm.specification.version" value="21"/>
    <property name="sun.java.launcher" value="SUN_STANDARD"/>
    <property name="user.country" value="CZ"/>
    <property name="sun.boot.library.path" value="C:\Program Files\Eclipse Adoptium\jdk-21.0.2.13-hotspot\bin"/>
    <property name="sun.java.command" value="C:\Users\rajta\AppData\Local\Temp\surefire16764518559028611745\surefirebooter-20250907173030991_3.jar C:\Users\rajta\AppData\Local\Temp\surefire16764518559028611745 2025-09-07T17-30-30_579-jvmRun1 surefire-20250907173030991_1tmp surefire_0-20250907173030991_2tmp"/>
    <property name="jdk.debug" value="release"/>
    <property name="surefire.test.class.path" value="C:\Users\rajta\OneDrive\DiscussionForum\DiscussionForum\target\test-classes;C:\Users\rajta\OneDrive\DiscussionForum\DiscussionForum\target\classes;C:\Users\rajta\.m2\repository\org\springframework\boot\spring-boot-starter-web\3.3.2\spring-boot-starter-web-3.3.2.jar;C:\Users\rajta\.m2\repository\org\springframework\boot\spring-boot-starter\3.3.2\spring-boot-starter-3.3.2.jar;C:\Users\rajta\.m2\repository\org\springframework\boot\spring-boot\3.3.2\spring-boot-3.3.2.jar;C:\Users\rajta\.m2\repository\org\springframework\boot\spring-boot-autoconfigure\3.3.2\spring-boot-autoconfigure-3.3.2.jar;C:\Users\rajta\.m2\repository\org\springframework\boot\spring-boot-starter-logging\3.3.2\spring-boot-starter-logging-3.3.2.jar;C:\Users\rajta\.m2\repository\ch\qos\logback\logback-classic\1.5.6\logback-classic-1.5.6.jar;C:\Users\rajta\.m2\repository\ch\qos\logback\logback-core\1.5.6\logback-core-1.5.6.jar;C:\Users\rajta\.m2\repository\org\apache\logging\log4j\log4j-to-slf4j\2.23.1\log4j-to-slf4j-2.23.1.jar;C:\Users\rajta\.m2\repository\org\apache\logging\log4j\log4j-api\2.23.1\log4j-api-2.23.1.jar;C:\Users\rajta\.m2\repository\org\slf4j\jul-to-slf4j\2.0.13\jul-to-slf4j-2.0.13.jar;C:\Users\rajta\.m2\repository\jakarta\annotation\jakarta.annotation-api\2.1.1\jakarta.annotation-api-2.1.1.jar;C:\Users\rajta\.m2\repository\org\yaml\snakeyaml\2.2\snakeyaml-2.2.jar;C:\Users\rajta\.m2\repository\org\springframework\boot\spring-boot-starter-json\3.3.2\spring-boot-starter-json-3.3.2.jar;C:\Users\rajta\.m2\repository\com\fasterxml\jackson\core\jackson-databind\2.17.2\jackson-databind-2.17.2.jar;C:\Users\rajta\.m2\repository\com\fasterxml\jackson\core\jackson-annotations\2.17.2\jackson-annotations-2.17.2.jar;C:\Users\rajta\.m2\repository\com\fasterxml\jackson\core\jackson-core\2.17.2\jackson-core-2.17.2.jar;C:\Users\rajta\.m2\repository\com\fasterxml\jackson\datatype\jackson-datatype-jdk8\2.17.2\jackson-datatype-jdk8-2.17.2.jar;C:\Users\rajta\.m2\repository\com\fasterxml\jackson\datatype\jackson-datatype-jsr310\2.17.2\jackson-datatype-jsr310-2.17.2.jar;C:\Users\rajta\.m2\repository\com\fasterxml\jackson\module\jackson-module-parameter-names\2.17.2\jackson-module-parameter-names-2.17.2.jar;C:\Users\rajta\.m2\repository\org\springframework\boot\spring-boot-starter-tomcat\3.3.2\spring-boot-starter-tomcat-3.3.2.jar;C:\Users\rajta\.m2\repository\org\apache\tomcat\embed\tomcat-embed-core\10.1.26\tomcat-embed-core-10.1.26.jar;C:\Users\rajta\.m2\repository\org\apache\tomcat\embed\tomcat-embed-websocket\10.1.26\tomcat-embed-websocket-10.1.26.jar;C:\Users\rajta\.m2\repository\org\springframework\spring-web\6.1.11\spring-web-6.1.11.jar;C:\Users\rajta\.m2\repository\org\springframework\spring-beans\6.1.11\spring-beans-6.1.11.jar;C:\Users\rajta\.m2\repository\io\micrometer\micrometer-observation\1.13.2\micrometer-observation-1.13.2.jar;C:\Users\rajta\.m2\repository\io\micrometer\micrometer-commons\1.13.2\micrometer-commons-1.13.2.jar;C:\Users\rajta\.m2\repository\org\springframework\spring-webmvc\6.1.11\spring-webmvc-6.1.11.jar;C:\Users\rajta\.m2\repository\org\springframework\spring-context\6.1.11\spring-context-6.1.11.jar;C:\Users\rajta\.m2\repository\org\springframework\spring-expression\6.1.11\spring-expression-6.1.11.jar;C:\Users\rajta\.m2\repository\org\springframework\boot\spring-boot-starter-thymeleaf\3.3.2\spring-boot-starter-thymeleaf-3.3.2.jar;C:\Users\rajta\.m2\repository\org\thymeleaf\thymeleaf-spring6\3.1.2.RELEASE\thymeleaf-spring6-3.1.2.RELEASE.jar;C:\Users\rajta\.m2\repository\org\thymeleaf\thymeleaf\3.1.2.RELEASE\thymeleaf-3.1.2.RELEASE.jar;C:\Users\rajta\.m2\repository\org\attoparser\attoparser\2.0.7.RELEASE\attoparser-2.0.7.RELEASE.jar;C:\Users\rajta\.m2\repository\org\unbescape\unbescape\1.1.6.RELEASE\unbescape-1.1.6.RELEASE.jar;C:\Users\rajta\.m2\repository\org\springframework\boot\spring-boot-starter-data-jpa\3.3.2\spring-boot-starter-data-jpa-3.3.2.jar;C:\Users\rajta\.m2\repository\org\springframework\boot\spring-boot-starter-aop\3.3.2\spring-boot-starter-aop-3.3.2.jar;C:\Users\rajta\.m2\repository\org\aspectj\aspectjweaver\1.9.22.1\aspectjweaver-1.9.22.1.jar;C:\Users\rajta\.m2\repository\org\springframework\boot\spring-boot-starter-jdbc\3.3.2\spring-boot-starter-jdbc-3.3.2.jar;C:\Users\rajta\.m2\repository\com\zaxxer\HikariCP\5.1.0\HikariCP-5.1.0.jar;C:\Users\rajta\.m2\repository\org\springframework\spring-jdbc\6.1.11\spring-jdbc-6.1.11.jar;C:\Users\rajta\.m2\repository\org\hibernate\orm\hibernate-core\6.5.2.Final\hibernate-core-6.5.2.Final.jar;C:\Users\rajta\.m2\repository\jakarta\persistence\jakarta.persistence-api\3.1.0\jakarta.persistence-api-3.1.0.jar;C:\Users\rajta\.m2\repository\jakarta\transaction\jakarta.transaction-api\2.0.1\jakarta.transaction-api-2.0.1.jar;C:\Users\rajta\.m2\repository\org\jboss\logging\jboss-logging\3.5.3.Final\jboss-logging-3.5.3.Final.jar;C:\Users\rajta\.m2\repository\org\hibernate\common\hibernate-commons-annotations\6.0.6.Final\hibernate-commons-annotations-6.0.6.Final.jar;C:\Users\rajta\.m2\repository\io\smallrye\jandex\3.1.2\jandex-3.1.2.jar;C:\Users\rajta\.m2\repository\com\fasterxml\classmate\1.7.0\classmate-1.7.0.jar;C:\Users\rajta\.m2\repository\net\bytebuddy\byte-buddy\1.14.18\byte-buddy-1.14.18.jar;C:\Users\rajta\.m2\repository\org\glassfish\jaxb\jaxb-runtime\4.0.5\jaxb-runtime-4.0.5.jar;C:\Users\rajta\.m2\repository\org\glassfish\jaxb\jaxb-core\4.0.5\jaxb-core-4.0.5.jar;C:\Users\rajta\.m2\repository\org\eclipse\angus\angus-activation\2.0.2\angus-activation-2.0.2.jar;C:\Users\rajta\.m2\repository\org\glassfish\jaxb\txw2\4.0.5\txw2-4.0.5.jar;C:\Users\rajta\.m2\repository\com\sun\istack\istack-commons-runtime\4.1.2\istack-commons-runtime-4.1.2.jar;C:\Users\rajta\.m2\repository\jakarta\inject\jakarta.inject-api\2.0.1\jakarta.inject-api-2.0.1.jar;C:\Users\rajta\.m2\repository\org\antlr\antlr4-runtime\4.13.0\antlr4-runtime-4.13.0.jar;C:\Users\rajta\.m2\repository\org\springframework\data\spring-data-jpa\3.3.2\spring-data-jpa-3.3.2.jar;C:\Users\rajta\.m2\repository\org\springframework\data\spring-data-commons\3.3.2\spring-data-commons-3.3.2.jar;C:\Users\rajta\.m2\repository\org\springframework\spring-orm\6.1.11\spring-orm-6.1.11.jar;C:\Users\rajta\.m2\repository\org\springframework\spring-tx\6.1.11\spring-tx-6.1.11.jar;C:\Users\rajta\.m2\repository\org\springframework\spring-aspects\6.1.11\spring-aspects-6.1.11.jar;C:\Users\rajta\.m2\repository\org\springframework\boot\spring-boot-starter-security\3.3.2\spring-boot-starter-security-3.3.2.jar;C:\Users\rajta\.m2\repository\org\springframework\spring-aop\6.1.11\spring-aop-6.1.11.jar;C:\Users\rajta\.m2\repository\org\springframework\security\spring-security-config\6.3.1\spring-security-config-6.3.1.jar;C:\Users\rajta\.m2\repository\org\springframework\security\spring-security-web\6.3.1\spring-security-web-6.3.1.jar;C:\Users\rajta\.m2\repository\org\springframework\boot\spring-boot-starter-validation\3.3.2\spring-boot-starter-validation-3.3.2.jar;C:\Users\rajta\.m2\repository\org\apache\tomcat\embed\tomcat-embed-el\10.1.26\tomcat-embed-el-10.1.26.jar;C:\Users\rajta\.m2\repository\org\hibernate\validator\hibernate-validator\8.0.1.Final\hibernate-validator-8.0.1.Final.jar;C:\Users\rajta\.m2\repository\jakarta\validation\jakarta.validation-api\3.0.2\jakarta.validation-api-3.0.2.jar;C:\Users\rajta\.m2\repository\com\h2database\h2\2.2.224\h2-2.2.224.jar;C:\Users\rajta\.m2\repository\org\springframework\boot\spring-boot-starter-test\3.3.2\spring-boot-starter-test-3.3.2.jar;C:\Users\rajta\.m2\repository\org\springframework\boot\spring-boot-test\3.3.2\spring-boot-test-3.3.2.jar;C:\Users\rajta\.m2\repository\org\springframework\boot\spring-boot-test-autoconfigure\3.3.2\spring-boot-test-autoconfigure-3.3.2.jar;C:\Users\rajta\.m2\repository\com\jayway\jsonpath\json-path\2.9.0\json-path-2.9.0.jar;C:\Users\rajta\.m2\repository\jakarta\xml\bind\jakarta.xml.bind-api\4.0.2\jakarta.xml.bind-api-4.0.2.jar;C:\Users\rajta\.m2\repository\jakarta\activation\jakarta.activation-api\2.1.3\jakarta.activation-api-2.1.3.jar;C:\Users\rajta\.m2\repository\net\minidev\json-smart\2.5.1\json-smart-2.5.1.jar;C:\Users\rajta\.m2\repository\net\minidev\accessors-smart\2.5.1\accessors-smart-2.5.1.jar;C:\Users\rajta\.m2\repository\org\ow2\asm\asm\9.6\asm-9.6.jar;C:\Users\rajta\.m2\repository\org\assertj\assertj-core\3.25.3\assertj-core-3.25.3.jar;C:\Users\rajta\.m2\repository\org\awaitility\awaitility\4.2.1\awaitility-4.2.1.jar;C:\Users\rajta\.m2\repository\org\hamcrest\hamcrest\2.2\hamcrest-2.2.jar;C:\Users\rajta\.m2\repository\org\junit\jupiter\junit-jupiter\5.10.3\junit-jupiter-5.10.3.jar;C:\Users\rajta\.m2\repository\org\junit\jupiter\junit-jupiter-api\5.10.3\junit-jupiter-api-5.10.3.jar;C:\Users\rajta\.m2\repository\org\opentest4j\opentest4j\1.3.0\opentest4j-1.3.0.jar;C:\Users\rajta\.m2\repository\org\junit\platform\junit-platform-commons\1.10.3\junit-platform-commons-1.10.3.jar;C:\Users\rajta\.m2\repository\org\apiguardian\apiguardian-api\1.1.2\apiguardian-api-1.1.2.jar;C:\Users\rajta\.m2\repository\org\junit\jupiter\junit-jupiter-params\5.10.3\junit-jupiter-params-5.10.3.jar;C:\Users\rajta\.m2\repository\org\junit\jupiter\junit-jupiter-engine\5.10.3\junit-jupiter-engine-5.10.3.jar;C:\Users\rajta\.m2\repository\org\junit\platform\junit-platform-engine\1.10.3\junit-platform-engine-1.10.3.jar;C:\Users\rajta\.m2\repository\org\mockito\mockito-core\5.11.0\mockito-core-5.11.0.jar;C:\Users\rajta\.m2\repository\net\bytebuddy\byte-buddy-agent\1.14.18\byte-buddy-agent-1.14.18.jar;C:\Users\rajta\.m2\repository\org\objenesis\objenesis\3.3\objenesis-3.3.jar;C:\Users\rajta\.m2\repository\org\mockito\mockito-junit-jupiter\5.11.0\mockito-junit-jupiter-5.11.0.jar;C:\Users\rajta\.m2\repository\org\skyscreamer\jsonassert\1.5.3\jsonassert-1.5.3.jar;C:\Users\rajta\.m2\repository\com\vaadin\external\google\android-json\0.0.20131108.vaadin1\android-json-0.0.20131108.vaadin1.jar;C:\Users\rajta\.m2\repository\org\springframework\spring-core\6.1.11\spring-core-6.1.11.jar;C:\Users\rajta\.m2\repository\org\springframework\spring-jcl\6.1.11\spring-jcl-6.1.11.jar;C:\Users\rajta\.m2\repository\org\springframework\spring-test\6.1.11\spring-test-6.1.11.jar;C:\Users\rajta\.m2\repository\org\xmlunit\xmlunit-core\2.9.1\xmlunit-core-2.9.1.jar;C:\Users\rajta\.m2\repository\org\springframework\security\spring-security-test\6.3.1\spring-security-test-6.3.1.jar;C:\Users\rajta\.m2\repository\org\springframework\security\spring-security-core\6.3.1\spring-security-core-6.3.1.jar;C:\Users\rajta\.m2\repository\org\thymeleaf\extras\thymeleaf-extras-springsecurity6\3.1.2.RELEASE\thymeleaf-extras-springsecurity6-3.1.2.RELEASE.jar;C:\Users\rajta\.m2\repository\org\slf4j\slf4j-api\2.0.13\slf4j-api-2.0.13.jar;C:\Users\rajta\.m2\repository\org\springframework\security\spring-security-crypto\6.3.3\spring-security-crypto-6.3.3.jar;C:\Users\rajta\.m2\repository\commons-logging\commons-logging\1.2\commons-logging-1.2.jar;C:\Users\rajta\.m2\repository\com\mysql\mysql-connector-j\8.3.0\mysql-connector-j-8.3.0.jar;"/>
    <property name="sun.cpu.endian" value="little"/>
    <property name="user.home" value="C:\Users\rajta"/>
    <property name="user.language" value="cs"/>
    <property name="java.specification.vendor" value="Oracle Corporation"/>
    <property name="java.version.date" value="2024-01-16"/>
    <property name="java.home" value="C:\Program Files\Eclipse Adoptium\jdk-21.0.2.13-hotspot"/>
    <property name="file.separator" value="\"/>
    <property name="basedir" value="C:\Users\rajta\OneDrive\DiscussionForum\DiscussionForum"/>
    <property name="java.vm.compressedOopsMode" value="Zero based"/>
    <property name="line.separator" value="&#10;"/>
    <property name="java.vm.specification.vendor" value="Oracle Corporation"/>
    <property name="java.specification.name" value="Java Platform API Specification"/>
    <property name="FILE_LOG_CHARSET" value="UTF-8"/>
    <property name="java.awt.headless" value="true"/>
    <property name="surefire.real.class.path" value="C:\Users\rajta\AppData\Local\Temp\surefire16764518559028611745\surefirebooter-20250907173030991_3.jar"/>
    <property name="user.script" value=""/>
    <property name="sun.management.compiler" value="HotSpot 64-Bit Tiered Compilers"/>
    <property name="java.runtime.version" value="21.0.2+13-LTS"/>
    <property name="user.name" value="rajta"/>
    <property name="stdout.encoding" value="Cp1250"/>
    <property name="path.separator" value=";"/>
    <property name="os.version" value="10.0"/>
    <property name="java.runtime.name" value="OpenJDK Runtime Environment"/>
    <property name="file.encoding" value="UTF-8"/>
    <property name="java.vm.name" value="OpenJDK 64-Bit Server VM"/>
    <property name="java.vendor.version" value="Temurin-21.0.2+13"/>
    <property name="localRepository" value="C:\Users\rajta\.m2\repository"/>
    <property name="java.vendor.url.bug" value="https://github.com/adoptium/adoptium-support/issues"/>
    <property name="java.io.tmpdir" value="C:\Users\rajta\AppData\Local\Temp\"/>
    <property name="java.version" value="21.0.2"/>
    <property name="user.dir" value="C:\Users\rajta\OneDrive\DiscussionForum\DiscussionForum"/>
    <property name="os.arch" value="amd64"/>
    <property name="java.vm.specification.name" value="Java Virtual Machine Specification"/>
    <property name="PID" value="142872"/>
    <property name="sun.os.patch.level" value=""/>
    <property name="CONSOLE_LOG_CHARSET" value="UTF-8"/>
    <property name="native.encoding" value="Cp1250"/>
    <property name="java.library.path" value="C:\Program Files\Eclipse Adoptium\jdk-21.0.2.13-hotspot\bin;C:\WINDOWS\Sun\Java\bin;C:\WINDOWS\system32;C:\WINDOWS;C:\Users\rajta\bin;C:\Program Files\Git\mingw64\bin;C:\Program Files\Git\usr\local\bin;C:\Program Files\Git\usr\bin;C:\Program Files\Git\usr\bin;C:\Program Files\Git\mingw64\bin;C:\Program Files\Git\usr\bin;C:\Users\rajta\bin;C:\Program Files\Eclipse Adoptium\jdk-21.0.2.13-hotspot\bin;C:\Windows\system32;C:\Windows;C:\Windows\System32\Wbem;C:\Windows\System32\WindowsPowerShell\v1.0;C:\Windows\System32\OpenSSH;C:\Program Files\Intel\WiFi\bin;C:\Program Files\Common Files\Intel\WirelessCommon;C:\Program Files (x86)\NVIDIA Corporation\PhysX\Common;C:\Program Files\dotnet;C:\WINDOWS\system32;C:\WINDOWS;C:\WINDOWS\System32\Wbem;C:\WINDOWS\System32\WindowsPowerShell\v1.0;C:\WINDOWS\System32\OpenSSH;C:\Program Files (x86)\Microsoft SQL Server\160\Tools\Binn;C:\Program Files\Microsoft SQL Server\160\Tools\Binn;C:\Program Files\Microsoft SQL Server\Client SDK\ODBC\170\Tools\Binn;C:\Program Files\Microsoft SQL Server\160\DTS\Binn;C:\Program Files\Git\cmd;C:\Program Files\NVIDIA Corporation\NVIDIA app\NvDLISR;C:\Program Files\Eclipse Adoptium\jdk-21.0.2.13-hotspot\bin;C:\Windows\system32;C:\Windows;C:\Windows\System32\Wbem;C:\Windows\System32\WindowsPowerShell\v1.0;C:\Windows\System32\OpenSSH;C:\Program Files\Intel\WiFi\bin;C:\Program Files\Common Files\Intel\WirelessCommon;C:\Program Files (x86)\NVIDIA Corporation\PhysX\Common;C:\Program Files\dotnet;C:\WINDOWS\system32;C:\WINDOWS;C:\WINDOWS\System32\Wbem;C:\WINDOWS\System32\WindowsPowerShell\v1.0;C:\WINDOWS\System32\OpenSSH;C:\Program Files (x86)\Microsoft SQL Server\160\Tools\Binn;C:\Program Files\Microsoft SQL Server\160\Tools\Binn;C:\Program Files\Microsoft SQL Server\Client SDK\ODBC\170\Tools\Binn;C:\Program Files\Microsoft SQL Server\160\DTS\Binn;C:\Program Files\Git\cmd;C:\Program Files\NVIDIA Corporation\NVIDIA app\NvDLISR;C:\Users\rajta\.local\bin;C:\Program Files\Git\usr\bin\vendor_perl;C:\Program Files\Git\usr\bin\core_perl;."/>
    <property name="java.vm.info" value="mixed mode, sharing"/>
    <property name="stderr.encoding" value="Cp1250"/>
    <property name="java.vendor" value="Eclipse Adoptium"/>
    <property name="java.vm.version" value="21.0.2+13-LTS"/>
    <property name="sun.io.unicode.encoding" value="UnicodeLittle"/>
    <property name="java.class.version" value="65.0"/>
  </properties>
  <testcase name="newPostPage_ShouldReturnNewPostView_WhenAuthenticated" classname="discussionforum.Controllers.PostControllerTest" time="0.074">
    <system-out><![CDATA[2025-09-07T17:30:34.837+02:00  INFO 142872 --- [           main] t.c.s.AnnotationConfigContextLoaderUtils : Could not detect default configuration classes for test class [discussionforum.Controllers.PostControllerTest]: PostControllerTest does not declare any static, non-private, non-final, nested classes annotated with @Configuration.
2025-09-07T17:30:34.848+02:00  INFO 142872 --- [           main] .b.t.c.SpringBootTestContextBootstrapper : Found @SpringBootConfiguration discussionforum.ForumApplication for test class discussionforum.Controllers.PostControllerTest

  .   ____          _            __ _ _
 /\\ / ___'_ __ _ _(_)_ __  __ _ \ \ \ \
( ( )\___ | '_ | '_| | '_ \/ _` | \ \ \ \
 \\/  ___)| |_)| | | | | || (_| |  ) ) ) )
  '  |____| .__|_| |_|_| |_\__, | / / / /
 =========|_|==============|___/=/_/_/_/

 :: Spring Boot ::                (v3.3.2)

2025-09-07T17:30:34.879+02:00  INFO 142872 --- [           main] d.Controllers.PostControllerTest         : Starting PostControllerTest using Java 21.0.2 with PID 142872 (started by rajta in C:\Users\rajta\OneDrive\DiscussionForum\DiscussionForum)
2025-09-07T17:30:34.879+02:00  INFO 142872 --- [           main] d.Controllers.PostControllerTest         : The following 1 profile is active: "test"
2025-09-07T17:30:35.061+02:00  INFO 142872 --- [           main] o.s.b.a.w.s.WelcomePageHandlerMapping    : Adding welcome page template: index
2025-09-07T17:30:35.109+02:00  WARN 142872 --- [           main] .s.s.UserDetailsServiceAutoConfiguration : 

Using generated security password: 9d56d796-7a47-4896-850a-95c9d0023583

This generated password is for development use only. Your security configuration must be updated before running your application in production.

2025-09-07T17:30:35.118+02:00  INFO 142872 --- [           main] o.s.b.t.m.w.SpringBootMockServletContext : Initializing Spring TestDispatcherServlet ''
2025-09-07T17:30:35.118+02:00  INFO 142872 --- [           main] o.s.t.web.servlet.TestDispatcherServlet  : Initializing Servlet ''
2025-09-07T17:30:35.118+02:00  INFO 142872 --- [           main] o.s.t.web.servlet.TestDispatcherServlet  : Completed initialization in 0 ms
2025-09-07T17:30:35.123+02:00  INFO 142872 --- [           main] d.Controllers.PostControllerTest         : Started PostControllerTest in 0.272 seconds (process running for 4.064)
]]></system-out>
  </testcase>
  <testcase name="addReply_ShouldRedirectToPost_WhenValidReply" classname="discussionforum.Controllers.PostControllerTest" time="0.022">
    <failure message="Range for response status value 500 expected:&lt;REDIRECTION&gt; but was:&lt;SERVER_ERROR&gt;" type="java.lang.AssertionError"><![CDATA[java.lang.AssertionError: Range for response status value 500 expected:<REDIRECTION> but was:<SERVER_ERROR>
	at org.springframework.test.util.AssertionErrors.fail(AssertionErrors.java:59)
	at org.springframework.test.util.AssertionErrors.assertEquals(AssertionErrors.java:122)
	at org.springframework.test.web.servlet.result.StatusResultMatchers.lambda$is3xxRedirection$4(StatusResultMatchers.java:87)
	at org.springframework.test.web.servlet.MockMvc$1.andExpect(MockMvc.java:214)
	at discussionforum.Controllers.PostControllerTest.addReply_ShouldRedirectToPost_WhenValidReply(PostControllerTest.java:291)
	at java.base/java.lang.reflect.Method.invoke(Method.java:580)
	at java.base/java.util.ArrayList.forEach(ArrayList.java:1596)
	at java.base/java.util.ArrayList.forEach(ArrayList.java:1596)
]]></failure>
    <system-out><![CDATA[
MockHttpServletRequest:
      HTTP Method = POST
      Request URI = /posts/1/comments/reply
       Parameters = {content=[Test Reply], postId=[1], parentId=[1], _csrf=[AmCaPcpddKNCER25g6l7rIomd-X-V1jpNK_3imA1mDpOUngWOlWtC_s-QMdvcC_ct4RPnOweWt2bYGHEUpjDsllRoVl5N0ol]}
          Headers = []
             Body = null
    Session Attrs = {SPRING_SECURITY_CONTEXT=SecurityContextImpl [Authentication=UsernamePasswordAuthenticationToken [Principal=org.springframework.security.core.userdetails.User [Username=testuser, Password=[PROTECTED], Enabled=true, AccountNonExpired=true, CredentialsNonExpired=true, AccountNonLocked=true, Granted Authorities=[ROLE_USER]], Credentials=[PROTECTED], Authenticated=true, Details=null, Granted Authorities=[ROLE_USER]]]}

Handler:
             Type = org.springframework.web.servlet.resource.ResourceHttpRequestHandler

Async:
    Async started = false
     Async result = null

Resolved Exception:
             Type = org.springframework.web.servlet.resource.NoResourceFoundException

ModelAndView:
        View name = error/500
             View = null
        Attribute = message
            value = An unexpected error occurred
        Attribute = details
            value = Please try again later

FlashMap:
       Attributes = null

MockHttpServletResponse:
           Status = 500
    Error message = null
          Headers = [Vary:"Origin", "Access-Control-Request-Method", "Access-Control-Request-Headers", Content-Language:"en", Content-Type:"text/html;charset=UTF-8", X-Content-Type-Options:"nosniff", X-XSS-Protection:"0", Cache-Control:"no-cache, no-store, max-age=0, must-revalidate", Pragma:"no-cache", Expires:"0", X-Frame-Options:"DENY"]
     Content type = text/html;charset=UTF-8
             Body = <!DOCTYPE html>
<html lang="en">
<head>
    <meta charset="UTF-8">
    <meta name="viewport" content="width=device-width, initial-scale=1.0">
    <title>500 - Server Error</title>
    <link href="https://cdn.jsdelivr.net/npm/bootstrap@5.3.0/dist/css/bootstrap.min.css" rel="stylesheet">
</head>
<body>
<div>
    <header class="forum-header">
        <div class="header-content">
            <!-- Site Logo and Brand // Logo a značka stránky -->
            <a href="/" class="logo">
                <i class="fas fa-comments"></i> DiscussionForum
            </a>
            
            <!-- Mobile Navigation Toggle // Přepínač mobilní navigace -->
            <button class="mobile-menu-toggle d-xl-none" type="button" onclick="toggleMobileMenu()">
                <span class="hamburger"></span>
                <span class="hamburger"></span>
                <span class="hamburger"></span>
            </button>
            
            <nav class="header-nav d-none d-xl-flex">
                <a href="/" class="nav-link">
                    <i class="fas fa-home"></i> Home
                </a>
                <!-- Create Post - visible for all users -->
                <a href="/posts/new" class="nav-link">
                    <i class="fas fa-plus"></i> Create Post
                </a>
                
                <!-- My Communities Dropdown - visible for all users -->
                
                
            <!-- Saved Posts Link - visible for all users -->
            <a href="/saved" class="nav-link">
                <i class="fas fa-bookmark"></i> Saved Posts
            </a>
            
            </nav>
            
            <div class="user-menu">
                <div class="d-none d-xl-flex align-items-center">
                    <span class="me-2">testuser</span>
                    <form action="/logout" method="post" style="display: inline;"><input type="hidden" name="_csrf" value="LCLdwfmhduOdrJieuIWILzE8C0_8WIBOLpl8xEJGjH99MFjSFBfq98jCQoewzar7jKi8H1cEJneZb7ljSK5I_HsitRxKVWrh"/>
                        <input type="hidden" name="_csrf" value="LCLdwfmhduOdrJieuIWILzE8C0_8WIBOLpl8xEJGjH99MFjSFBfq98jCQoewzar7jKi8H1cEJneZb7ljSK5I_HsitRxKVWrh"/>
                        <button type="submit" class="btn btn-sm btn-outline-danger">
                            <i class="fas fa-sign-out-alt"></i> Logout
                        </button>
                    </form>
                </div>
                
            </div>
        </div>
    </header>
    
    <!-- Mobile Navigation Menu -->
    <div class="mobile-nav d-xl-none" id="mobileNav">
        <nav class="mobile-nav-content">
            <div>
                <!-- Home link -->
                <div>
                    <a class="mobile-nav-link" href="/">
                        <i class="fas fa-home"></i> Home
                    </a>
                </div>
                
                <!-- Create Post link -->
                <div>
                    <a class="mobile-nav-link" href="/posts/new">
                        <i class="fas fa-plus"></i> Create Post
                    </a>
                </div>
                
                
                <!-- Saved Posts link -->
                <div>
                    <a class="mobile-nav-link" href="/saved">
                        <i class="fas fa-bookmark"></i> Saved Posts
                    </a>
                </div>
                
                
                <hr class="mobile-nav-divider">
                
                <!-- Mobile Communities - visible for all users -->
                
                
                <!-- My Communities link for non-authenticated users -->
                
            </div>
            
            <hr class="mobile-nav-divider">
            
            <!-- Auth buttons for mobile -->
            
            
            <div>
                <form action="/logout" method="post" class="mobile-logout-form"><input type="hidden" name="_csrf" value="LCLdwfmhduOdrJieuIWILzE8C0_8WIBOLpl8xEJGjH99MFjSFBfq98jCQoewzar7jKi8H1cEJneZb7ljSK5I_HsitRxKVWrh"/>
                    <input type="hidden" name="_csrf" value="LCLdwfmhduOdrJieuIWILzE8C0_8WIBOLpl8xEJGjH99MFjSFBfq98jCQoewzar7jKi8H1cEJneZb7ljSK5I_HsitRxKVWrh"/>
                    <button type="submit" class="mobile-nav-link logout-btn">
                        <i class="fas fa-sign-out-alt"></i> Logout
                    </button>
                </form>
            </div>
        </nav>
    </div>
</div>

<div class="container mt-5">
    <div class="row justify-content-center">
        <div class="col-md-8">
            <div class="card">
                <div class="card-body text-center">
                    <h1 class="display-1 text-danger">500</h1>
                    <h2 class="mb-3">Server Error</h2>
                    <p class="lead">An unexpected error occurred</p>
                    <p class="text-muted">Please try again later</p>
                    <a href="/" class="btn btn-primary">Go Home</a>
                    <button onclick="history.back()" class="btn btn-secondary">Go Back</button>
                </div>
            </div>
        </div>
    </div>
</div>

<script src="https://cdn.jsdelivr.net/npm/bootstrap@5.3.0/dist/js/bootstrap.bundle.min.js"></script>
</body>
</html>
    Forwarded URL = null
   Redirected URL = null
          Cookies = []
]]></system-out>
  </testcase>
  <testcase name="newPostPage_ShouldRedirectToLogin_WhenNotAuthenticated" classname="discussionforum.Controllers.PostControllerTest" time="0.003">
    <failure message="Range for response status value 401 expected:&lt;REDIRECTION&gt; but was:&lt;CLIENT_ERROR&gt;" type="java.lang.AssertionError"><![CDATA[java.lang.AssertionError: Range for response status value 401 expected:<REDIRECTION> but was:<CLIENT_ERROR>
	at org.springframework.test.util.AssertionErrors.fail(AssertionErrors.java:59)
	at org.springframework.test.util.AssertionErrors.assertEquals(AssertionErrors.java:122)
	at org.springframework.test.web.servlet.result.StatusResultMatchers.lambda$is3xxRedirection$4(StatusResultMatchers.java:87)
	at org.springframework.test.web.servlet.MockMvc$1.andExpect(MockMvc.java:214)
	at discussionforum.Controllers.PostControllerTest.newPostPage_ShouldRedirectToLogin_WhenNotAuthenticated(PostControllerTest.java:105)
	at java.base/java.lang.reflect.Method.invoke(Method.java:580)
	at java.base/java.util.ArrayList.forEach(ArrayList.java:1596)
	at java.base/java.util.ArrayList.forEach(ArrayList.java:1596)
]]></failure>
    <system-out><![CDATA[
MockHttpServletRequest:
      HTTP Method = GET
      Request URI = /posts/new
       Parameters = {}
          Headers = []
             Body = null
    Session Attrs = {SPRING_SECURITY_SAVED_REQUEST=DefaultSavedRequest [http://localhost/posts/new?continue]}

Handler:
             Type = null

Async:
    Async started = false
     Async result = null

Resolved Exception:
             Type = null

ModelAndView:
        View name = null
             View = null
            Model = null

FlashMap:
       Attributes = null

MockHttpServletResponse:
           Status = 401
    Error message = Unauthorized
          Headers = [Vary:"Origin", "Access-Control-Request-Method", "Access-Control-Request-Headers", WWW-Authenticate:"Basic realm="Realm"", X-Content-Type-Options:"nosniff", X-XSS-Protection:"0", Cache-Control:"no-cache, no-store, max-age=0, must-revalidate", Pragma:"no-cache", Expires:"0", X-Frame-Options:"DENY"]
     Content type = null
             Body = 
    Forwarded URL = null
   Redirected URL = null
          Cookies = []
]]></system-out>
  </testcase>
  <testcase name="votePost_ShouldReturnErrorResponse_WhenServiceThrowsException" classname="discussionforum.Controllers.PostControllerTest" time="0.007">
    <failure message="Status expected:&lt;400&gt; but was:&lt;302&gt;" type="java.lang.AssertionError"><![CDATA[java.lang.AssertionError: Status expected:<400> but was:<302>
	at org.springframework.test.util.AssertionErrors.fail(AssertionErrors.java:59)
	at org.springframework.test.util.AssertionErrors.assertEquals(AssertionErrors.java:122)
	at org.springframework.test.web.servlet.result.StatusResultMatchers.lambda$matcher$9(StatusResultMatchers.java:637)
	at org.springframework.test.web.servlet.MockMvc$1.andExpect(MockMvc.java:214)
	at discussionforum.Controllers.PostControllerTest.votePost_ShouldReturnErrorResponse_WhenServiceThrowsException(PostControllerTest.java:333)
	at java.base/java.lang.reflect.Method.invoke(Method.java:580)
	at java.base/java.util.ArrayList.forEach(ArrayList.java:1596)
	at java.base/java.util.ArrayList.forEach(ArrayList.java:1596)
]]></failure>
    <system-out><![CDATA[
MockHttpServletRequest:
      HTTP Method = POST
      Request URI = /posts/1/upvote
       Parameters = {_csrf=[cIbSLWADTIMx0RSDer-O6x4sOfl_dZ7DoiOHaurBhwfNWSfwFbDqTFEzeuEc6XKyTZK6iXsfFMAaEPzuw0C-DIv5vzSoahDJ]}
          Headers = [Content-Type:"application/json;charset=UTF-8"]
             Body = null
    Session Attrs = {SPRING_SECURITY_CONTEXT=SecurityContextImpl [Authentication=UsernamePasswordAuthenticationToken [Principal=org.springframework.security.core.userdetails.User [Username=testuser, Password=[PROTECTED], Enabled=true, AccountNonExpired=true, CredentialsNonExpired=true, AccountNonLocked=true, Granted Authorities=[ROLE_USER]], Credentials=[PROTECTED], Authenticated=true, Details=null, Granted Authorities=[ROLE_USER]]]}

Handler:
             Type = discussionforum.Controllers.PostController
           Method = discussionforum.Controllers.PostController#upvote(Long, UserDetails, String)

Async:
    Async started = false
     Async result = null

Resolved Exception:
             Type = null

ModelAndView:
        View name = redirect:/
             View = null
            Model = null

FlashMap:
       Attributes = null

MockHttpServletResponse:
           Status = 302
    Error message = null
          Headers = [Vary:"Origin", "Access-Control-Request-Method", "Access-Control-Request-Headers", Content-Language:"en", X-Content-Type-Options:"nosniff", X-XSS-Protection:"0", Cache-Control:"no-cache, no-store, max-age=0, must-revalidate", Pragma:"no-cache", Expires:"0", X-Frame-Options:"DENY", Location:"/"]
     Content type = null
             Body = 
    Forwarded URL = null
   Redirected URL = /
          Cookies = []
]]></system-out>
  </testcase>
  <testcase name="createPost_ShouldRedirectToPost_WhenValidInput" classname="discussionforum.Controllers.PostControllerTest" time="0.014">
    <failure message="Range for response status value 500 expected:&lt;REDIRECTION&gt; but was:&lt;SERVER_ERROR&gt;" type="java.lang.AssertionError"><![CDATA[java.lang.AssertionError: Range for response status value 500 expected:<REDIRECTION> but was:<SERVER_ERROR>
	at org.springframework.test.util.AssertionErrors.fail(AssertionErrors.java:59)
	at org.springframework.test.util.AssertionErrors.assertEquals(AssertionErrors.java:122)
	at org.springframework.test.web.servlet.result.StatusResultMatchers.lambda$is3xxRedirection$4(StatusResultMatchers.java:87)
	at org.springframework.test.web.servlet.MockMvc$1.andExpect(MockMvc.java:214)
	at discussionforum.Controllers.PostControllerTest.createPost_ShouldRedirectToPost_WhenValidInput(PostControllerTest.java:121)
	at java.base/java.lang.reflect.Method.invoke(Method.java:580)
	at java.base/java.util.ArrayList.forEach(ArrayList.java:1596)
	at java.base/java.util.ArrayList.forEach(ArrayList.java:1596)
]]></failure>
    <system-out><![CDATA[
MockHttpServletRequest:
      HTTP Method = POST
      Request URI = /posts/new
       Parameters = {title=[Test Post], content=[Test Content], communityId=[1], _csrf=[b6ce802NaRX1Gj3EJftwLC-Jim6RyebZvxuZJaGx1b3z3ZIyXcMmlSjsW3TYKV_8QdZEGBy7pwym_YX0jC_9RpWA4orE6KEK]}
          Headers = []
             Body = null
    Session Attrs = {SPRING_SECURITY_CONTEXT=SecurityContextImpl [Authentication=UsernamePasswordAuthenticationToken [Principal=org.springframework.security.core.userdetails.User [Username=testuser, Password=[PROTECTED], Enabled=true, AccountNonExpired=true, CredentialsNonExpired=true, AccountNonLocked=true, Granted Authorities=[ROLE_USER]], Credentials=[PROTECTED], Authenticated=true, Details=null, Granted Authorities=[ROLE_USER]]]}

Handler:
             Type = null

Async:
    Async started = false
     Async result = null

Resolved Exception:
             Type = org.springframework.web.HttpRequestMethodNotSupportedException

ModelAndView:
        View name = error/500
             View = null
        Attribute = message
            value = An unexpected error occurred
        Attribute = details
            value = Please try again later

FlashMap:
       Attributes = null

MockHttpServletResponse:
           Status = 500
    Error message = null
          Headers = [Vary:"Origin", "Access-Control-Request-Method", "Access-Control-Request-Headers", Content-Language:"en", Content-Type:"text/html;charset=UTF-8", X-Content-Type-Options:"nosniff", X-XSS-Protection:"0", Cache-Control:"no-cache, no-store, max-age=0, must-revalidate", Pragma:"no-cache", Expires:"0", X-Frame-Options:"DENY"]
     Content type = text/html;charset=UTF-8
             Body = <!DOCTYPE html>
<html lang="en">
<head>
    <meta charset="UTF-8">
    <meta name="viewport" content="width=device-width, initial-scale=1.0">
    <title>500 - Server Error</title>
    <link href="https://cdn.jsdelivr.net/npm/bootstrap@5.3.0/dist/css/bootstrap.min.css" rel="stylesheet">
</head>
<body>
<div>
    <header class="forum-header">
        <div class="header-content">
            <!-- Site Logo and Brand // Logo a značka stránky -->
            <a href="/" class="logo">
                <i class="fas fa-comments"></i> DiscussionForum
            </a>
            
            <!-- Mobile Navigation Toggle // Přepínač mobilní navigace -->
            <button class="mobile-menu-toggle d-xl-none" type="button" onclick="toggleMobileMenu()">
                <span class="hamburger"></span>
                <span class="hamburger"></span>
                <span class="hamburger"></span>
            </button>
            
            <nav class="header-nav d-none d-xl-flex">
                <a href="/" class="nav-link">
                    <i class="fas fa-home"></i> Home
                </a>
                <!-- Create Post - visible for all users -->
                <a href="/posts/new" class="nav-link">
                    <i class="fas fa-plus"></i> Create Post
                </a>
                
                <!-- My Communities Dropdown - visible for all users -->
                
                
            <!-- Saved Posts Link - visible for all users -->
            <a href="/saved" class="nav-link">
                <i class="fas fa-bookmark"></i> Saved Posts
            </a>
            
            </nav>
            
            <div class="user-menu">
                <div class="d-none d-xl-flex align-items-center">
                    <span class="me-2">testuser</span>
                    <form action="/logout" method="post" style="display: inline;"><input type="hidden" name="_csrf" value="oJbNoSQxsD6MSqhUExVb0YcZwQmC3izTyyymP85HtpRaj8YbkvL1x0FQgl-hecpsdzhv5bQr7Gu16k_--BjCXPp2gaNtuvUj"/>
                        <input type="hidden" name="_csrf" value="oJbNoSQxsD6MSqhUExVb0YcZwQmC3izTyyymP85HtpRaj8YbkvL1x0FQgl-hecpsdzhv5bQr7Gu16k_--BjCXPp2gaNtuvUj"/>
                        <button type="submit" class="btn btn-sm btn-outline-danger">
                            <i class="fas fa-sign-out-alt"></i> Logout
                        </button>
                    </form>
                </div>
                
            </div>
        </div>
    </header>
    
    <!-- Mobile Navigation Menu -->
    <div class="mobile-nav d-xl-none" id="mobileNav">
        <nav class="mobile-nav-content">
            <div>
                <!-- Home link -->
                <div>
                    <a class="mobile-nav-link" href="/">
                        <i class="fas fa-home"></i> Home
                    </a>
                </div>
                
                <!-- Create Post link -->
                <div>
                    <a class="mobile-nav-link" href="/posts/new">
                        <i class="fas fa-plus"></i> Create Post
                    </a>
                </div>
                
                
                <!-- Saved Posts link -->
                <div>
                    <a class="mobile-nav-link" href="/saved">
                        <i class="fas fa-bookmark"></i> Saved Posts
                    </a>
                </div>
                
                
                <hr class="mobile-nav-divider">
                
                <!-- Mobile Communities - visible for all users -->
                
                
                <!-- My Communities link for non-authenticated users -->
                
            </div>
            
            <hr class="mobile-nav-divider">
            
            <!-- Auth buttons for mobile -->
            
            
            <div>
                <form action="/logout" method="post" class="mobile-logout-form"><input type="hidden" name="_csrf" value="oJbNoSQxsD6MSqhUExVb0YcZwQmC3izTyyymP85HtpRaj8YbkvL1x0FQgl-hecpsdzhv5bQr7Gu16k_--BjCXPp2gaNtuvUj"/>
                    <input type="hidden" name="_csrf" value="oJbNoSQxsD6MSqhUExVb0YcZwQmC3izTyyymP85HtpRaj8YbkvL1x0FQgl-hecpsdzhv5bQr7Gu16k_--BjCXPp2gaNtuvUj"/>
                    <button type="submit" class="mobile-nav-link logout-btn">
                        <i class="fas fa-sign-out-alt"></i> Logout
                    </button>
                </form>
            </div>
        </nav>
    </div>
</div>

<div class="container mt-5">
    <div class="row justify-content-center">
        <div class="col-md-8">
            <div class="card">
                <div class="card-body text-center">
                    <h1 class="display-1 text-danger">500</h1>
                    <h2 class="mb-3">Server Error</h2>
                    <p class="lead">An unexpected error occurred</p>
                    <p class="text-muted">Please try again later</p>
                    <a href="/" class="btn btn-primary">Go Home</a>
                    <button onclick="history.back()" class="btn btn-secondary">Go Back</button>
                </div>
            </div>
        </div>
    </div>
</div>

<script src="https://cdn.jsdelivr.net/npm/bootstrap@5.3.0/dist/js/bootstrap.bundle.min.js"></script>
</body>
</html>
    Forwarded URL = null
   Redirected URL = null
          Cookies = []
]]></system-out>
  </testcase>
  <testcase name="createPost_ShouldReturnFormWithErrors_WhenInvalidInput" classname="discussionforum.Controllers.PostControllerTest" time="0.01">
    <failure message="Status expected:&lt;200&gt; but was:&lt;500&gt;" type="java.lang.AssertionError"><![CDATA[java.lang.AssertionError: Status expected:<200> but was:<500>
	at org.springframework.test.util.AssertionErrors.fail(AssertionErrors.java:59)
	at org.springframework.test.util.AssertionErrors.assertEquals(AssertionErrors.java:122)
	at org.springframework.test.web.servlet.result.StatusResultMatchers.lambda$matcher$9(StatusResultMatchers.java:637)
	at org.springframework.test.web.servlet.MockMvc$1.andExpect(MockMvc.java:214)
	at discussionforum.Controllers.PostControllerTest.createPost_ShouldReturnFormWithErrors_WhenInvalidInput(PostControllerTest.java:139)
	at java.base/java.lang.reflect.Method.invoke(Method.java:580)
	at java.base/java.util.ArrayList.forEach(ArrayList.java:1596)
	at java.base/java.util.ArrayList.forEach(ArrayList.java:1596)
]]></failure>
    <system-out><![CDATA[
MockHttpServletRequest:
      HTTP Method = POST
      Request URI = /posts/new
       Parameters = {title=[], content=[Test Content], communityId=[1], _csrf=[PVjfxSRTrJ-TvnjpjaOaKMeG98dFeJjEPsj8whMC-uQGo2Q9Cz3v9hdlnae-202Pvo6uHqbn2v5wG6npCarO9CMxn9MxlwIN]}
          Headers = []
             Body = null
    Session Attrs = {SPRING_SECURITY_CONTEXT=SecurityContextImpl [Authentication=UsernamePasswordAuthenticationToken [Principal=org.springframework.security.core.userdetails.User [Username=testuser, Password=[PROTECTED], Enabled=true, AccountNonExpired=true, CredentialsNonExpired=true, AccountNonLocked=true, Granted Authorities=[ROLE_USER]], Credentials=[PROTECTED], Authenticated=true, Details=null, Granted Authorities=[ROLE_USER]]]}

Handler:
             Type = null

Async:
    Async started = false
     Async result = null

Resolved Exception:
             Type = org.springframework.web.HttpRequestMethodNotSupportedException

ModelAndView:
        View name = error/500
             View = null
        Attribute = message
            value = An unexpected error occurred
        Attribute = details
            value = Please try again later

FlashMap:
       Attributes = null

MockHttpServletResponse:
           Status = 500
    Error message = null
          Headers = [Vary:"Origin", "Access-Control-Request-Method", "Access-Control-Request-Headers", Content-Language:"en", Content-Type:"text/html;charset=UTF-8", X-Content-Type-Options:"nosniff", X-XSS-Protection:"0", Cache-Control:"no-cache, no-store, max-age=0, must-revalidate", Pragma:"no-cache", Expires:"0", X-Frame-Options:"DENY"]
     Content type = text/html;charset=UTF-8
             Body = <!DOCTYPE html>
<html lang="en">
<head>
    <meta charset="UTF-8">
    <meta name="viewport" content="width=device-width, initial-scale=1.0">
    <title>500 - Server Error</title>
    <link href="https://cdn.jsdelivr.net/npm/bootstrap@5.3.0/dist/css/bootstrap.min.css" rel="stylesheet">
</head>
<body>
<div>
    <header class="forum-header">
        <div class="header-content">
            <!-- Site Logo and Brand // Logo a značka stránky -->
            <a href="/" class="logo">
                <i class="fas fa-comments"></i> DiscussionForum
            </a>
            
            <!-- Mobile Navigation Toggle // Přepínač mobilní navigace -->
            <button class="mobile-menu-toggle d-xl-none" type="button" onclick="toggleMobileMenu()">
                <span class="hamburger"></span>
                <span class="hamburger"></span>
                <span class="hamburger"></span>
            </button>
            
            <nav class="header-nav d-none d-xl-flex">
                <a href="/" class="nav-link">
                    <i class="fas fa-home"></i> Home
                </a>
                <!-- Create Post - visible for all users -->
                <a href="/posts/new" class="nav-link">
                    <i class="fas fa-plus"></i> Create Post
                </a>
                
                <!-- My Communities Dropdown - visible for all users -->
                
                
            <!-- Saved Posts Link - visible for all users -->
            <a href="/saved" class="nav-link">
                <i class="fas fa-bookmark"></i> Saved Posts
            </a>
            
            </nav>
            
            <div class="user-menu">
                <div class="d-none d-xl-flex align-items-center">
                    <span class="me-2">testuser</span>
                    <form action="/logout" method="post" style="display: inline;"><input type="hidden" name="_csrf" value="36OFmlPOMILz2gVx2OAG-TZ8lxemRjDsjL32QIfcrsaHCt-w6ca1qWD4AbrevzAX680yz1cdui6TJQHBu9_Edrfvy_GwPrmA"/>
                        <input type="hidden" name="_csrf" value="36OFmlPOMILz2gVx2OAG-TZ8lxemRjDsjL32QIfcrsaHCt-w6ca1qWD4AbrevzAX680yz1cdui6TJQHBu9_Edrfvy_GwPrmA"/>
                        <button type="submit" class="btn btn-sm btn-outline-danger">
                            <i class="fas fa-sign-out-alt"></i> Logout
                        </button>
                    </form>
                </div>
                
            </div>
        </div>
    </header>
    
    <!-- Mobile Navigation Menu -->
    <div class="mobile-nav d-xl-none" id="mobileNav">
        <nav class="mobile-nav-content">
            <div>
                <!-- Home link -->
                <div>
                    <a class="mobile-nav-link" href="/">
                        <i class="fas fa-home"></i> Home
                    </a>
                </div>
                
                <!-- Create Post link -->
                <div>
                    <a class="mobile-nav-link" href="/posts/new">
                        <i class="fas fa-plus"></i> Create Post
                    </a>
                </div>
                
                
                <!-- Saved Posts link -->
                <div>
                    <a class="mobile-nav-link" href="/saved">
                        <i class="fas fa-bookmark"></i> Saved Posts
                    </a>
                </div>
                
                
                <hr class="mobile-nav-divider">
                
                <!-- Mobile Communities - visible for all users -->
                
                
                <!-- My Communities link for non-authenticated users -->
                
            </div>
            
            <hr class="mobile-nav-divider">
            
            <!-- Auth buttons for mobile -->
            
            
            <div>
                <form action="/logout" method="post" class="mobile-logout-form"><input type="hidden" name="_csrf" value="36OFmlPOMILz2gVx2OAG-TZ8lxemRjDsjL32QIfcrsaHCt-w6ca1qWD4AbrevzAX680yz1cdui6TJQHBu9_Edrfvy_GwPrmA"/>
                    <input type="hidden" name="_csrf" value="36OFmlPOMILz2gVx2OAG-TZ8lxemRjDsjL32QIfcrsaHCt-w6ca1qWD4AbrevzAX680yz1cdui6TJQHBu9_Edrfvy_GwPrmA"/>
                    <button type="submit" class="mobile-nav-link logout-btn">
                        <i class="fas fa-sign-out-alt"></i> Logout
                    </button>
                </form>
            </div>
        </nav>
    </div>
</div>

<div class="container mt-5">
    <div class="row justify-content-center">
        <div class="col-md-8">
            <div class="card">
                <div class="card-body text-center">
                    <h1 class="display-1 text-danger">500</h1>
                    <h2 class="mb-3">Server Error</h2>
                    <p class="lead">An unexpected error occurred</p>
                    <p class="text-muted">Please try again later</p>
                    <a href="/" class="btn btn-primary">Go Home</a>
                    <button onclick="history.back()" class="btn btn-secondary">Go Back</button>
                </div>
            </div>
        </div>
    </div>
</div>

<script src="https://cdn.jsdelivr.net/npm/bootstrap@5.3.0/dist/js/bootstrap.bundle.min.js"></script>
</body>
</html>
    Forwarded URL = null
   Redirected URL = null
          Cookies = []
]]></system-out>
  </testcase>
  <testcase name="voteComment_ShouldReturnUpdatedScore_WhenValidVote" classname="discussionforum.Controllers.PostControllerTest" time="0.027"/>
  <testcase name="votePost_ShouldReturnUnauthorized_WhenNotAuthenticated" classname="discussionforum.Controllers.PostControllerTest" time="0.003">
    <failure message="Range for response status value 401 expected:&lt;REDIRECTION&gt; but was:&lt;CLIENT_ERROR&gt;" type="java.lang.AssertionError"><![CDATA[java.lang.AssertionError: Range for response status value 401 expected:<REDIRECTION> but was:<CLIENT_ERROR>
	at org.springframework.test.util.AssertionErrors.fail(AssertionErrors.java:59)
	at org.springframework.test.util.AssertionErrors.assertEquals(AssertionErrors.java:122)
	at org.springframework.test.web.servlet.result.StatusResultMatchers.lambda$is3xxRedirection$4(StatusResultMatchers.java:87)
	at org.springframework.test.web.servlet.MockMvc$1.andExpect(MockMvc.java:214)
	at discussionforum.Controllers.PostControllerTest.votePost_ShouldReturnUnauthorized_WhenNotAuthenticated(PostControllerTest.java:319)
	at java.base/java.lang.reflect.Method.invoke(Method.java:580)
	at java.base/java.util.ArrayList.forEach(ArrayList.java:1596)
	at java.base/java.util.ArrayList.forEach(ArrayList.java:1596)
]]></failure>
    <system-out><![CDATA[
MockHttpServletRequest:
      HTTP Method = POST
      Request URI = /posts/1/upvote
       Parameters = {_csrf=[RuRCaeAbhEcqwTYqaCC-XCUtI3f4dcPktIItlE_Pte1v0lT8J9cnXdh9vH4H8w8SUA2KahFMDhWaR_LJjLcZonv2hIgL4Dae]}
          Headers = [Content-Type:"application/json;charset=UTF-8"]
             Body = null
    Session Attrs = {}

Handler:
             Type = null

Async:
    Async started = false
     Async result = null

Resolved Exception:
             Type = null

ModelAndView:
        View name = null
             View = null
            Model = null

FlashMap:
       Attributes = null

MockHttpServletResponse:
           Status = 401
    Error message = Unauthorized
          Headers = [Vary:"Origin", "Access-Control-Request-Method", "Access-Control-Request-Headers", WWW-Authenticate:"Basic realm="Realm"", X-Content-Type-Options:"nosniff", X-XSS-Protection:"0", Cache-Control:"no-cache, no-store, max-age=0, must-revalidate", Pragma:"no-cache", Expires:"0", X-Frame-Options:"DENY"]
     Content type = null
             Body = 
    Forwarded URL = null
   Redirected URL = null
          Cookies = []
]]></system-out>
  </testcase>
  <testcase name="downvotePost_ShouldReturnUpdatedScore_WhenValidVote" classname="discussionforum.Controllers.PostControllerTest" time="0.006">
    <failure message="Status expected:&lt;200&gt; but was:&lt;302&gt;" type="java.lang.AssertionError"><![CDATA[java.lang.AssertionError: Status expected:<200> but was:<302>
	at org.springframework.test.util.AssertionErrors.fail(AssertionErrors.java:59)
	at org.springframework.test.util.AssertionErrors.assertEquals(AssertionErrors.java:122)
	at org.springframework.test.web.servlet.result.StatusResultMatchers.lambda$matcher$9(StatusResultMatchers.java:637)
	at org.springframework.test.web.servlet.MockMvc$1.andExpect(MockMvc.java:214)
	at discussionforum.Controllers.PostControllerTest.downvotePost_ShouldReturnUpdatedScore_WhenValidVote(PostControllerTest.java:192)
	at java.base/java.lang.reflect.Method.invoke(Method.java:580)
	at java.base/java.util.ArrayList.forEach(ArrayList.java:1596)
	at java.base/java.util.ArrayList.forEach(ArrayList.java:1596)
]]></failure>
    <system-out><![CDATA[
MockHttpServletRequest:
      HTTP Method = POST
      Request URI = /posts/1/downvote
       Parameters = {_csrf=[dTbmM_6aCzzjkzB67tQPaB1Ir5oJd_5DPQz_psp9nYHE1ocBQVOFUcz8PwnOpwQeiPk7XHwsgvs9Q5tuC23Nxa5J_Ln97uNl]}
          Headers = [Content-Type:"application/json;charset=UTF-8"]
             Body = null
    Session Attrs = {SPRING_SECURITY_CONTEXT=SecurityContextImpl [Authentication=UsernamePasswordAuthenticationToken [Principal=org.springframework.security.core.userdetails.User [Username=testuser, Password=[PROTECTED], Enabled=true, AccountNonExpired=true, CredentialsNonExpired=true, AccountNonLocked=true, Granted Authorities=[ROLE_USER]], Credentials=[PROTECTED], Authenticated=true, Details=null, Granted Authorities=[ROLE_USER]]]}

Handler:
             Type = discussionforum.Controllers.PostController
           Method = discussionforum.Controllers.PostController#downvote(Long, UserDetails, String)

Async:
    Async started = false
     Async result = null

Resolved Exception:
             Type = null

ModelAndView:
        View name = redirect:/
             View = null
            Model = null

FlashMap:
       Attributes = null

MockHttpServletResponse:
           Status = 302
    Error message = null
          Headers = [Vary:"Origin", "Access-Control-Request-Method", "Access-Control-Request-Headers", Content-Language:"en", X-Content-Type-Options:"nosniff", X-XSS-Protection:"0", Cache-Control:"no-cache, no-store, max-age=0, must-revalidate", Pragma:"no-cache", Expires:"0", X-Frame-Options:"DENY", Location:"/"]
     Content type = null
             Body = 
    Forwarded URL = null
   Redirected URL = /
          Cookies = []
]]></system-out>
  </testcase>
  <testcase name="viewPost_ShouldReturnPostDetailView_WhenPostExists" classname="discussionforum.Controllers.PostControllerTest" time="0.036">
    <failure message="Model attribute &apos;communities&apos; does not exist" type="java.lang.AssertionError"><![CDATA[java.lang.AssertionError: Model attribute 'communities' does not exist
	at org.springframework.test.util.AssertionErrors.fail(AssertionErrors.java:37)
	at org.springframework.test.util.AssertionErrors.assertTrue(AssertionErrors.java:70)
	at org.springframework.test.util.AssertionErrors.assertNotNull(AssertionErrors.java:106)
	at org.springframework.test.web.servlet.result.ModelResultMatchers.lambda$attributeExists$2(ModelResultMatchers.java:85)
	at org.springframework.test.web.servlet.MockMvc$1.andExpect(MockMvc.java:214)
	at discussionforum.Controllers.PostControllerTest.viewPost_ShouldReturnPostDetailView_WhenPostExists(PostControllerTest.java:160)
	at java.base/java.lang.reflect.Method.invoke(Method.java:580)
	at java.base/java.util.ArrayList.forEach(ArrayList.java:1596)
	at java.base/java.util.ArrayList.forEach(ArrayList.java:1596)
]]></failure>
    <system-out><![CDATA[
MockHttpServletRequest:
      HTTP Method = GET
      Request URI = /posts/1
       Parameters = {}
          Headers = []
             Body = null
    Session Attrs = {org.springframework.security.web.csrf.HttpSessionCsrfTokenRepository.CSRF_TOKEN=org.springframework.security.web.csrf.DefaultCsrfToken@6771fc29, SPRING_SECURITY_CONTEXT=SecurityContextImpl [Authentication=UsernamePasswordAuthenticationToken [Principal=org.springframework.security.core.userdetails.User [Username=testuser, Password=[PROTECTED], Enabled=true, AccountNonExpired=true, CredentialsNonExpired=true, AccountNonLocked=true, Granted Authorities=[ROLE_USER]], Credentials=[PROTECTED], Authenticated=true, Details=null, Granted Authorities=[ROLE_USER]]]}

Handler:
             Type = discussionforum.Controllers.PostController
           Method = discussionforum.Controllers.PostController#detail(Long, UserDetails, Model)

Async:
    Async started = false
     Async result = null

Resolved Exception:
             Type = null

ModelAndView:
        View name = post/detail
             View = null
        Attribute = joinedCommunities
            value = []
        Attribute = post
            value = discussionforum.Model.Post@1f370472
           errors = []
        Attribute = comments
            value = []
        Attribute = totalCommentCount
            value = 0
        Attribute = comment
            value = discussionforum.Model.CommentRequestDTO@50d91a0f
           errors = []

FlashMap:
       Attributes = null

MockHttpServletResponse:
           Status = 200
    Error message = null
          Headers = [Vary:"Origin", "Access-Control-Request-Method", "Access-Control-Request-Headers", Content-Language:"en", Content-Type:"text/html;charset=UTF-8", X-Content-Type-Options:"nosniff", X-XSS-Protection:"0", Cache-Control:"no-cache, no-store, max-age=0, must-revalidate", Pragma:"no-cache", Expires:"0", X-Frame-Options:"DENY"]
     Content type = text/html;charset=UTF-8
             Body = <!DOCTYPE html>
<html lang="en">
<head>
    <meta charset="UTF-8">
    <meta name="viewport" content="width=device-width, initial-scale=1.0">
    <title>Test Post - Discussion Forum</title>
    
    <!-- Font Awesome Icons -->
    <link href="https://cdnjs.cloudflare.com/ajax/libs/font-awesome/6.4.0/css/all.min.css" rel="stylesheet">
    
    <!-- Bootstrap CSS -->
    <link href="https://cdn.jsdelivr.net/npm/bootstrap@5.3.0/dist/css/bootstrap.min.css" rel="stylesheet">
    
    <!-- Custom Forum-style CSS - MUST load last to override Bootstrap -->
    <link rel="stylesheet" href="/css/forum-style.css?v=4">
    
    <!-- CSRF Meta Tags -->
    <meta name="_csrf" content="in_XvTcyOOofbZfS59g5ajSKmkIvUiSr6MdKZZJoN8qfJGRDuEvh2Q9RCdkyWqbqg_UNDAO7tyBOYkKG2fMvUKZRUq6vEVwl"/>
    <meta name="_csrf_header" content="X-CSRF-TOKEN"/>
</head>
<body>

<!-- Header -->
<header class="forum-header">
    <div class="header-content">
        <a href="/" class="logo">
            <i class="fas fa-comments"></i> DiscussionForum
        </a>
        
        <!-- Mobile menu toggle -->
        <button class="mobile-menu-toggle d-md-none" type="button" onclick="toggleMobileMenu()">
            <span class="hamburger"></span>
            <span class="hamburger"></span>
            <span class="hamburger"></span>
        </button>
        
        <nav class="header-nav d-none d-md-flex">
            <a href="/" class="nav-link">
                <i class="fas fa-home"></i> Home
            </a>
            <!-- Create Post - visible for all users -->
            <a href="/posts/new" class="nav-link">
                <i class="fas fa-plus"></i> Create Post
            </a>
            
            <!-- My Communities Dropdown - visible for all users -->
            
            
            <!-- Saved Posts Link - visible for all users -->
            <a href="/saved" class="nav-link">
                <i class="fas fa-bookmark"></i> Saved Posts
            </a>
            
        </nav>
        
        <div class="user-menu">
            <div>
                <span class="me-2">testuser</span>
                <form action="/logout" method="post" style="display: inline;"><input type="hidden" name="_csrf" value="in_XvTcyOOofbZfS59g5ajSKmkIvUiSr6MdKZZJoN8qfJGRDuEvh2Q9RCdkyWqbqg_UNDAO7tyBOYkKG2fMvUKZRUq6vEVwl"/>
                    <input type="hidden" name="_csrf" value="in_XvTcyOOofbZfS59g5ajSKmkIvUiSr6MdKZZJoN8qfJGRDuEvh2Q9RCdkyWqbqg_UNDAO7tyBOYkKG2fMvUKZRUq6vEVwl"/>
                    <button type="submit" class="btn btn-sm btn-outline-danger">
                        <i class="fas fa-sign-out-alt"></i> Logout
                    </button>
                </form>
            </div>
            
        </div>
    </div>
</header>

<!-- Mobile Navigation Menu -->
<div class="mobile-nav d-md-none" id="mobileNav">
    <nav class="mobile-nav-content">
        <a href="/" class="mobile-nav-link">
            <i class="fas fa-home"></i> Home
        </a>
        
        <!-- Mobile Create Post - visible for all users -->
        <a href="/posts/new" class="mobile-nav-link">
            <i class="fas fa-plus"></i> Create Post
        </a>
        
        
        <!-- Mobile Saved Posts - visible for all users -->
        <a href="/saved" class="mobile-nav-link">
            <i class="fas fa-bookmark"></i> Saved Posts
        </a>
        
        
        <!-- Mobile Communities - visible for all users -->
        
        
        <!-- My Communities link for non-authenticated users -->
        
        
        <hr class="mobile-nav-divider">
        
        <!-- Auth buttons for mobile -->
        
        
        <div>
            <form action="/logout" method="post" class="mobile-logout-form"><input type="hidden" name="_csrf" value="in_XvTcyOOofbZfS59g5ajSKmkIvUiSr6MdKZZJoN8qfJGRDuEvh2Q9RCdkyWqbqg_UNDAO7tyBOYkKG2fMvUKZRUq6vEVwl"/>
                <input type="hidden" name="_csrf" value="in_XvTcyOOofbZfS59g5ajSKmkIvUiSr6MdKZZJoN8qfJGRDuEvh2Q9RCdkyWqbqg_UNDAO7tyBOYkKG2fMvUKZRUq6vEVwl"/>
                <button type="submit" class="mobile-nav-link logout-btn">
                    <i class="fas fa-sign-out-alt"></i> Logout
                </button>
            </form>
        </div>
    </nav>
</div>

<div class="main-container">
    <main class="content-area">
    <!-- Breadcrumb -->
    <nav aria-label="breadcrumb" class="mb-3">
        <ol class="breadcrumb">
            <li class="breadcrumb-item">
                <a href="/">
                    <i class="fas fa-home"></i> Home
                </a>
            </li>
            <li class="breadcrumb-item">
                <a href="/c/testcommunity">
                    <span>testcommunity</span>
                </a>
            </li>
            <li class="breadcrumb-item active" aria-current="page">Post</li>
        </ol>
    </nav>

    <!-- Post Detail Card -->
    <div class="post-card mb-4">
        <div class="post-content">
            <!-- Vote Section for Authenticated Users -->
            <div class="vote-section authenticated-vote">
                <form action="/posts/1/upvote" method="post" style="margin: 0;"><input type="hidden" name="_csrf" value="in_XvTcyOOofbZfS59g5ajSKmkIvUiSr6MdKZZJoN8qfJGRDuEvh2Q9RCdkyWqbqg_UNDAO7tyBOYkKG2fMvUKZRUq6vEVwl"/>
                    <input type="hidden" name="_csrf" value="in_XvTcyOOofbZfS59g5ajSKmkIvUiSr6MdKZZJoN8qfJGRDuEvh2Q9RCdkyWqbqg_UNDAO7tyBOYkKG2fMvUKZRUq6vEVwl"/>
                    <button type="submit" class="vote-btn upvote" title="Upvote">
                        <i class="fas fa-arrow-up"></i>
                    </button>
                </form>
                
                <div class="vote-score">5</div>
                
                <form action="/posts/1/downvote" method="post" style="margin: 0;"><input type="hidden" name="_csrf" value="in_XvTcyOOofbZfS59g5ajSKmkIvUiSr6MdKZZJoN8qfJGRDuEvh2Q9RCdkyWqbqg_UNDAO7tyBOYkKG2fMvUKZRUq6vEVwl"/>
                    <input type="hidden" name="_csrf" value="in_XvTcyOOofbZfS59g5ajSKmkIvUiSr6MdKZZJoN8qfJGRDuEvh2Q9RCdkyWqbqg_UNDAO7tyBOYkKG2fMvUKZRUq6vEVwl"/>
                    <button type="submit" class="vote-btn downvote" title="Downvote">
                        <i class="fas fa-arrow-down"></i>
                    </button>
                </form>
            </div>
            
            <!-- Vote Section for Non-authenticated Users -->
            
            
            <!-- Post Body -->
            <div class="post-body">
                <!-- Post Meta -->
                <div class="post-meta mb-2">
                    <a href="/c/testcommunity" class="community-link">
                        <span>testcommunity</span>
                    </a>
                    <span class="text-muted">•</span>
                    <span class="user-link">u/Test User</span>
                    <span class="text-muted">•</span>
                    <span class="text-muted"></span>
                </div>
                
                <!-- Post Title -->
                <h1 class="post-title mb-3">Test Post</h1>
                
                <!-- Post Content -->
                <div class="post-full-content mb-3">
                    <p style="white-space: pre-wrap; line-height: 1.6;">Test Content</p>
                </div>
                
                <!-- Post Actions -->
                <div class="post-actions">
                    <span class="post-action">
                        <i class="fas fa-comment"></i>
                        <span>0 Comments</span>
                    </span>
                    <a href="#" class="post-action">
                        <i class="fas fa-share"></i>
                        <span>Share</span>
                    </a>
                    <a href="#" class="post-action">
                        <i class="fas fa-bookmark"></i>
                        <span>Save</span>
                    </a>
                </div>
            </div>
        </div>
    </div>

    <!-- Comments Section -->
    <div class="comments-section">
        <div class="p-3 border-bottom bg-light">
            <h3 class="h5 mb-0">
                <i class="fas fa-comments"></i> 
                Comments (<span>0</span>)
            </h3>
        </div>
        
        <!-- Comment Form -->
        <div class="p-3 border-bottom">
            <div class="d-flex align-items-start">
                <div class="flex-shrink-0 me-3">
                    <div class="rounded-circle bg-primary text-white d-flex align-items-center justify-content-center" 
                         style="width: 32px; height: 32px; font-size: 14px; font-weight: bold;">
                        <span>T</span>
                    </div>
                </div>
                <div class="flex-grow-1">
                    <form action="/posts/1/comment" method="post"><input type="hidden" name="_csrf" value="in_XvTcyOOofbZfS59g5ajSKmkIvUiSr6MdKZZJoN8qfJGRDuEvh2Q9RCdkyWqbqg_UNDAO7tyBOYkKG2fMvUKZRUq6vEVwl"/>
                        <input type="hidden" name="_csrf" value="in_XvTcyOOofbZfS59g5ajSKmkIvUiSr6MdKZZJoN8qfJGRDuEvh2Q9RCdkyWqbqg_UNDAO7tyBOYkKG2fMvUKZRUq6vEVwl"/>
                        <div class="mb-3">
                            <textarea class="form-control" rows="3" 
                                      placeholder="What are your thoughts?" required id="content" name="content"></textarea>
                        </div>
                        <div class="d-flex justify-content-end">
                            <button type="submit" class="btn btn-primary btn-sm">
                                <i class="fas fa-comment"></i> Comment
                            </button>
                        </div>
                    </form>
                </div>
            </div>
        </div>
        
        <!-- Login prompt for non-authenticated users -->
        

        <!-- Comments List -->
        <div class="p-4 text-center">
            <div class="mb-3">
                <i class="fas fa-comments fa-2x text-muted"></i>
            </div>
            <h4 class="text-muted">No comments yet</h4>
            <p class="text-muted">Be the first to share what you think!</p>
        </div>
        
        
    </div>

    <!-- Related Posts (Optional) -->
    <div class="mt-4">
        <div class="d-flex align-items-center mb-3">
            <h4 class="h6 mb-0 me-2">More from <span>testcommunity</span></h4>
            <a href="/c/testcommunity" class="btn btn-outline-primary btn-sm">
                View Community
            </a>
        </div>
    </div>
    </main>
    
    <aside class="sidebar d-none d-lg-block">
        <div>
    <div class="sidebar-card">
        <h3 class="sidebar-title">
            <i class="fas fa-fire"></i> Popular Communities
        </h3>
        
    </div>
    
    <div class="sidebar-card">
        <h3 class="sidebar-title">
            <i class="fas fa-plus-circle"></i> Create
        </h3>
        <div class="d-grid gap-2">
            <a href="/posts/new" class="btn btn-primary btn-sm">
                <i class="fas fa-edit"></i> New Post
            </a>
            <button type="button" class="btn btn-secondary btn-sm" 
                    data-bs-toggle="modal" data-bs-target="#createCommunityModal">
                <i class="fas fa-users"></i> New Community
            </button>
        </div>
    </div>
    
    <div class="sidebar-card">
        <h3 class="sidebar-title">
            <i class="fas fa-info-circle"></i> About
        </h3>
        <p class="small text-muted">
            A modern discussion forum built with Spring Boot and Thymeleaf. 
            Join communities, share posts, and engage in discussions!
        </p>
    </div>
</div>
    </aside>
</div>

<!-- Recursive Reply Fragment -->


<!-- Bootstrap JS -->
<script src="https://cdn.jsdelivr.net/npm/bootstrap@5.3.0/dist/js/bootstrap.bundle.min.js"></script>

<!-- Custom JS -->
<script src="/js/app.js"></script>

<script>
</script>

<!-- Include Create Community Modal -->
<div>
    <div class="modal fade" id="createCommunityModal" tabindex="-1" 
         aria-labelledby="createCommunityModalLabel" aria-hidden="true">
        <div class="modal-dialog">
            <div class="modal-content">
                <div class="modal-header">
                    <h5 class="modal-title" id="createCommunityModalLabel">
                        <i class="fas fa-users"></i> Create New Community
                    </h5>
                    <button type="button" class="btn-close" data-bs-dismiss="modal"></button>
                </div>
                <form action="/c/new" method="post"><input type="hidden" name="_csrf" value="in_XvTcyOOofbZfS59g5ajSKmkIvUiSr6MdKZZJoN8qfJGRDuEvh2Q9RCdkyWqbqg_UNDAO7tyBOYkKG2fMvUKZRUq6vEVwl"/>
                    <input type="hidden" name="_csrf" value="in_XvTcyOOofbZfS59g5ajSKmkIvUiSr6MdKZZJoN8qfJGRDuEvh2Q9RCdkyWqbqg_UNDAO7tyBOYkKG2fMvUKZRUq6vEVwl"/>
                    <div class="modal-body">
                        <div class="mb-3">
                            <label for="communityName" class="form-label">Community Name</label>
                            <div class="input-group">
                                <!-- Removed r/ prefix -->
                                <input type="text" class="form-control" id="communityName" name="name" 
                                       required minlength="2" maxlength="40" 
                                       pattern="[a-zA-Z0-9_]+" 
                                       title="Only letters, numbers, and underscores allowed">
                            </div>
                            <div class="form-text">Choose a unique name for your community</div>
                        </div>
                        <div class="mb-3">
                            <label for="communityDescription" class="form-label">Description</label>
                            <textarea class="form-control" id="communityDescription" name="description" 
                                      rows="3" maxlength="500"></textarea>
                            <div class="form-text">Describe what your community is about</div>
                        </div>
                    </div>
                    <div class="modal-footer">
                        <button type="button" class="btn btn-secondary" data-bs-dismiss="modal">Cancel</button>
                        <button type="submit" class="btn btn-primary">
                            <i class="fas fa-plus"></i> Create Community
                        </button>
                    </div>
                </form>
            </div>
        </div>
    </div>
</div>

</body>
</html>
    Forwarded URL = null
   Redirected URL = null
          Cookies = []
]]></system-out>
  </testcase>
  <testcase name="savePost_ShouldReturnSuccess_WhenPostSaved" classname="discussionforum.Controllers.PostControllerTest" time="0.013"/>
  <testcase name="addComment_ShouldRedirectToPost_WhenValidComment" classname="discussionforum.Controllers.PostControllerTest" time="0.012">
    <failure message="Range for response status value 500 expected:&lt;REDIRECTION&gt; but was:&lt;SERVER_ERROR&gt;" type="java.lang.AssertionError"><![CDATA[java.lang.AssertionError: Range for response status value 500 expected:<REDIRECTION> but was:<SERVER_ERROR>
	at org.springframework.test.util.AssertionErrors.fail(AssertionErrors.java:59)
	at org.springframework.test.util.AssertionErrors.assertEquals(AssertionErrors.java:122)
	at org.springframework.test.web.servlet.result.StatusResultMatchers.lambda$is3xxRedirection$4(StatusResultMatchers.java:87)
	at org.springframework.test.web.servlet.MockMvc$1.andExpect(MockMvc.java:214)
	at discussionforum.Controllers.PostControllerTest.addComment_ShouldRedirectToPost_WhenValidComment(PostControllerTest.java:258)
	at java.base/java.lang.reflect.Method.invoke(Method.java:580)
	at java.base/java.util.ArrayList.forEach(ArrayList.java:1596)
	at java.base/java.util.ArrayList.forEach(ArrayList.java:1596)
]]></failure>
    <system-out><![CDATA[
MockHttpServletRequest:
      HTTP Method = POST
      Request URI = /posts/1/comments
       Parameters = {content=[Test Comment], postId=[1], _csrf=[0zHDrt4F8WursTNIkqyhgDisgoby3LWmdAAKvoSLd7TY9GPq5wKgmuk1xQmGgQouo4GVtQ_Jr-TAvdeLRGQ9jeC-FNbhxlXY]}
          Headers = []
             Body = null
    Session Attrs = {SPRING_SECURITY_CONTEXT=SecurityContextImpl [Authentication=UsernamePasswordAuthenticationToken [Principal=org.springframework.security.core.userdetails.User [Username=testuser, Password=[PROTECTED], Enabled=true, AccountNonExpired=true, CredentialsNonExpired=true, AccountNonLocked=true, Granted Authorities=[ROLE_USER]], Credentials=[PROTECTED], Authenticated=true, Details=null, Granted Authorities=[ROLE_USER]]]}

Handler:
             Type = org.springframework.web.servlet.resource.ResourceHttpRequestHandler

Async:
    Async started = false
     Async result = null

Resolved Exception:
             Type = org.springframework.web.servlet.resource.NoResourceFoundException

ModelAndView:
        View name = error/500
             View = null
        Attribute = message
            value = An unexpected error occurred
        Attribute = details
            value = Please try again later

FlashMap:
       Attributes = null

MockHttpServletResponse:
           Status = 500
    Error message = null
          Headers = [Vary:"Origin", "Access-Control-Request-Method", "Access-Control-Request-Headers", Content-Language:"en", Content-Type:"text/html;charset=UTF-8", X-Content-Type-Options:"nosniff", X-XSS-Protection:"0", Cache-Control:"no-cache, no-store, max-age=0, must-revalidate", Pragma:"no-cache", Expires:"0", X-Frame-Options:"DENY"]
     Content type = text/html;charset=UTF-8
             Body = <!DOCTYPE html>
<html lang="en">
<head>
    <meta charset="UTF-8">
    <meta name="viewport" content="width=device-width, initial-scale=1.0">
    <title>500 - Server Error</title>
    <link href="https://cdn.jsdelivr.net/npm/bootstrap@5.3.0/dist/css/bootstrap.min.css" rel="stylesheet">
</head>
<body>
<div>
    <header class="forum-header">
        <div class="header-content">
            <!-- Site Logo and Brand // Logo a značka stránky -->
            <a href="/" class="logo">
                <i class="fas fa-comments"></i> DiscussionForum
            </a>
            
            <!-- Mobile Navigation Toggle // Přepínač mobilní navigace -->
            <button class="mobile-menu-toggle d-xl-none" type="button" onclick="toggleMobileMenu()">
                <span class="hamburger"></span>
                <span class="hamburger"></span>
                <span class="hamburger"></span>
            </button>
            
            <nav class="header-nav d-none d-xl-flex">
                <a href="/" class="nav-link">
                    <i class="fas fa-home"></i> Home
                </a>
                <!-- Create Post - visible for all users -->
                <a href="/posts/new" class="nav-link">
                    <i class="fas fa-plus"></i> Create Post
                </a>
                
                <!-- My Communities Dropdown - visible for all users -->
                
                
            <!-- Saved Posts Link - visible for all users -->
            <a href="/saved" class="nav-link">
                <i class="fas fa-bookmark"></i> Saved Posts
            </a>
            
            </nav>
            
            <div class="user-menu">
                <div class="d-none d-xl-flex align-items-center">
                    <span class="me-2">testuser</span>
                    <form action="/logout" method="post" style="display: inline;"><input type="hidden" name="_csrf" value="ltyoVzHRt4Ho1oiEtuzdDpx84f40wjpQ-m45j_AlXw8qV3jHou_LYwbhg-PF5rHih8HpO6sZzJwGo1h9ygoOvJQQPG0TZU71"/>
                        <input type="hidden" name="_csrf" value="ltyoVzHRt4Ho1oiEtuzdDpx84f40wjpQ-m45j_AlXw8qV3jHou_LYwbhg-PF5rHih8HpO6sZzJwGo1h9ygoOvJQQPG0TZU71"/>
                        <button type="submit" class="btn btn-sm btn-outline-danger">
                            <i class="fas fa-sign-out-alt"></i> Logout
                        </button>
                    </form>
                </div>
                
            </div>
        </div>
    </header>
    
    <!-- Mobile Navigation Menu -->
    <div class="mobile-nav d-xl-none" id="mobileNav">
        <nav class="mobile-nav-content">
            <div>
                <!-- Home link -->
                <div>
                    <a class="mobile-nav-link" href="/">
                        <i class="fas fa-home"></i> Home
                    </a>
                </div>
                
                <!-- Create Post link -->
                <div>
                    <a class="mobile-nav-link" href="/posts/new">
                        <i class="fas fa-plus"></i> Create Post
                    </a>
                </div>
                
                
                <!-- Saved Posts link -->
                <div>
                    <a class="mobile-nav-link" href="/saved">
                        <i class="fas fa-bookmark"></i> Saved Posts
                    </a>
                </div>
                
                
                <hr class="mobile-nav-divider">
                
                <!-- Mobile Communities - visible for all users -->
                
                
                <!-- My Communities link for non-authenticated users -->
                
            </div>
            
            <hr class="mobile-nav-divider">
            
            <!-- Auth buttons for mobile -->
            
            
            <div>
                <form action="/logout" method="post" class="mobile-logout-form"><input type="hidden" name="_csrf" value="ltyoVzHRt4Ho1oiEtuzdDpx84f40wjpQ-m45j_AlXw8qV3jHou_LYwbhg-PF5rHih8HpO6sZzJwGo1h9ygoOvJQQPG0TZU71"/>
                    <input type="hidden" name="_csrf" value="ltyoVzHRt4Ho1oiEtuzdDpx84f40wjpQ-m45j_AlXw8qV3jHou_LYwbhg-PF5rHih8HpO6sZzJwGo1h9ygoOvJQQPG0TZU71"/>
                    <button type="submit" class="mobile-nav-link logout-btn">
                        <i class="fas fa-sign-out-alt"></i> Logout
                    </button>
                </form>
            </div>
        </nav>
    </div>
</div>

<div class="container mt-5">
    <div class="row justify-content-center">
        <div class="col-md-8">
            <div class="card">
                <div class="card-body text-center">
                    <h1 class="display-1 text-danger">500</h1>
                    <h2 class="mb-3">Server Error</h2>
                    <p class="lead">An unexpected error occurred</p>
                    <p class="text-muted">Please try again later</p>
                    <a href="/" class="btn btn-primary">Go Home</a>
                    <button onclick="history.back()" class="btn btn-secondary">Go Back</button>
                </div>
            </div>
        </div>
    </div>
</div>

<script src="https://cdn.jsdelivr.net/npm/bootstrap@5.3.0/dist/js/bootstrap.bundle.min.js"></script>
</body>
</html>
    Forwarded URL = null
   Redirected URL = null
          Cookies = []
]]></system-out>
  </testcase>
  <testcase name="savePost_ShouldReturnAlreadySaved_WhenPostAlreadySaved" classname="discussionforum.Controllers.PostControllerTest" time="0.005"/>
  <testcase name="votePost_ShouldReturnUpdatedScore_WhenValidVote" classname="discussionforum.Controllers.PostControllerTest" time="0.007">
    <failure message="Status expected:&lt;200&gt; but was:&lt;302&gt;" type="java.lang.AssertionError"><![CDATA[java.lang.AssertionError: Status expected:<200> but was:<302>
	at org.springframework.test.util.AssertionErrors.fail(AssertionErrors.java:59)
	at org.springframework.test.util.AssertionErrors.assertEquals(AssertionErrors.java:122)
	at org.springframework.test.web.servlet.result.StatusResultMatchers.lambda$matcher$9(StatusResultMatchers.java:637)
	at org.springframework.test.web.servlet.MockMvc$1.andExpect(MockMvc.java:214)
	at discussionforum.Controllers.PostControllerTest.votePost_ShouldReturnUpdatedScore_WhenValidVote(PostControllerTest.java:176)
	at java.base/java.lang.reflect.Method.invoke(Method.java:580)
	at java.base/java.util.ArrayList.forEach(ArrayList.java:1596)
	at java.base/java.util.ArrayList.forEach(ArrayList.java:1596)
]]></failure>
    <system-out><![CDATA[
MockHttpServletRequest:
      HTTP Method = POST
      Request URI = /posts/1/upvote
       Parameters = {_csrf=[lkYuES34CMyoe5vmpDl5yNheHieK_wAAevwNLrSIRBylY0ufoCVKIBmaMPuFHq2ExxRN_OpoMx7oyjktQ5lvTNXrdi2QUn_5]}
          Headers = [Content-Type:"application/json;charset=UTF-8"]
             Body = null
    Session Attrs = {SPRING_SECURITY_CONTEXT=SecurityContextImpl [Authentication=UsernamePasswordAuthenticationToken [Principal=org.springframework.security.core.userdetails.User [Username=testuser, Password=[PROTECTED], Enabled=true, AccountNonExpired=true, CredentialsNonExpired=true, AccountNonLocked=true, Granted Authorities=[ROLE_USER]], Credentials=[PROTECTED], Authenticated=true, Details=null, Granted Authorities=[ROLE_USER]]]}

Handler:
             Type = discussionforum.Controllers.PostController
           Method = discussionforum.Controllers.PostController#upvote(Long, UserDetails, String)

Async:
    Async started = false
     Async result = null

Resolved Exception:
             Type = null

ModelAndView:
        View name = redirect:/
             View = null
            Model = null

FlashMap:
       Attributes = null

MockHttpServletResponse:
           Status = 302
    Error message = null
          Headers = [Vary:"Origin", "Access-Control-Request-Method", "Access-Control-Request-Headers", Content-Language:"en", X-Content-Type-Options:"nosniff", X-XSS-Protection:"0", Cache-Control:"no-cache, no-store, max-age=0, must-revalidate", Pragma:"no-cache", Expires:"0", X-Frame-Options:"DENY", Location:"/"]
     Content type = null
             Body = 
    Forwarded URL = null
   Redirected URL = /
          Cookies = []
]]></system-out>
  </testcase>
  <testcase name="addComment_ShouldRedirectWithError_WhenEmptyComment" classname="discussionforum.Controllers.PostControllerTest" time="0.015">
    <failure message="Range for response status value 500 expected:&lt;REDIRECTION&gt; but was:&lt;SERVER_ERROR&gt;" type="java.lang.AssertionError"><![CDATA[java.lang.AssertionError: Range for response status value 500 expected:<REDIRECTION> but was:<SERVER_ERROR>
	at org.springframework.test.util.AssertionErrors.fail(AssertionErrors.java:59)
	at org.springframework.test.util.AssertionErrors.assertEquals(AssertionErrors.java:122)
	at org.springframework.test.web.servlet.result.StatusResultMatchers.lambda$is3xxRedirection$4(StatusResultMatchers.java:87)
	at org.springframework.test.web.servlet.MockMvc$1.andExpect(MockMvc.java:214)
	at discussionforum.Controllers.PostControllerTest.addComment_ShouldRedirectWithError_WhenEmptyComment(PostControllerTest.java:272)
	at java.base/java.lang.reflect.Method.invoke(Method.java:580)
	at java.base/java.util.ArrayList.forEach(ArrayList.java:1596)
	at java.base/java.util.ArrayList.forEach(ArrayList.java:1596)
]]></failure>
    <system-out><![CDATA[
MockHttpServletRequest:
      HTTP Method = POST
      Request URI = /posts/1/comments
       Parameters = {content=[], postId=[1], _csrf=[v7uxP7_x7uQ6-bWq3B6hf5EsBrWapJeKtyKkcUckhMECrQSGh4KACtnF1twXy9aSvjOVR6FOK9T7nKGnghuWQiRC4acwmjCy]}
          Headers = []
             Body = null
    Session Attrs = {SPRING_SECURITY_CONTEXT=SecurityContextImpl [Authentication=UsernamePasswordAuthenticationToken [Principal=org.springframework.security.core.userdetails.User [Username=testuser, Password=[PROTECTED], Enabled=true, AccountNonExpired=true, CredentialsNonExpired=true, AccountNonLocked=true, Granted Authorities=[ROLE_USER]], Credentials=[PROTECTED], Authenticated=true, Details=null, Granted Authorities=[ROLE_USER]]]}

Handler:
             Type = org.springframework.web.servlet.resource.ResourceHttpRequestHandler

Async:
    Async started = false
     Async result = null

Resolved Exception:
             Type = org.springframework.web.servlet.resource.NoResourceFoundException

ModelAndView:
        View name = error/500
             View = null
        Attribute = message
            value = An unexpected error occurred
        Attribute = details
            value = Please try again later

FlashMap:
       Attributes = null

MockHttpServletResponse:
           Status = 500
    Error message = null
          Headers = [Vary:"Origin", "Access-Control-Request-Method", "Access-Control-Request-Headers", Content-Language:"en", Content-Type:"text/html;charset=UTF-8", X-Content-Type-Options:"nosniff", X-XSS-Protection:"0", Cache-Control:"no-cache, no-store, max-age=0, must-revalidate", Pragma:"no-cache", Expires:"0", X-Frame-Options:"DENY"]
     Content type = text/html;charset=UTF-8
             Body = <!DOCTYPE html>
<html lang="en">
<head>
    <meta charset="UTF-8">
    <meta name="viewport" content="width=device-width, initial-scale=1.0">
    <title>500 - Server Error</title>
    <link href="https://cdn.jsdelivr.net/npm/bootstrap@5.3.0/dist/css/bootstrap.min.css" rel="stylesheet">
</head>
<body>
<div>
    <header class="forum-header">
        <div class="header-content">
            <!-- Site Logo and Brand // Logo a značka stránky -->
            <a href="/" class="logo">
                <i class="fas fa-comments"></i> DiscussionForum
            </a>
            
            <!-- Mobile Navigation Toggle // Přepínač mobilní navigace -->
            <button class="mobile-menu-toggle d-xl-none" type="button" onclick="toggleMobileMenu()">
                <span class="hamburger"></span>
                <span class="hamburger"></span>
                <span class="hamburger"></span>
            </button>
            
            <nav class="header-nav d-none d-xl-flex">
                <a href="/" class="nav-link">
                    <i class="fas fa-home"></i> Home
                </a>
                <!-- Create Post - visible for all users -->
                <a href="/posts/new" class="nav-link">
                    <i class="fas fa-plus"></i> Create Post
                </a>
                
                <!-- My Communities Dropdown - visible for all users -->
                
                
            <!-- Saved Posts Link - visible for all users -->
            <a href="/saved" class="nav-link">
                <i class="fas fa-bookmark"></i> Saved Posts
            </a>
            
            </nav>
            
            <div class="user-menu">
                <div class="d-none d-xl-flex align-items-center">
                    <span class="me-2">testuser</span>
                    <form action="/logout" method="post" style="display: inline;"><input type="hidden" name="_csrf" value="qxrCnAxGSOvvCRT9OUED_INBevuRpYkQUDWILg2sCE0fCJb0kyPzqWpycNPCO3fFW2w3xLMjV5rwnb89ZQy6HW7KbSstP6LA"/>
                        <input type="hidden" name="_csrf" value="qxrCnAxGSOvvCRT9OUED_INBevuRpYkQUDWILg2sCE0fCJb0kyPzqWpycNPCO3fFW2w3xLMjV5rwnb89ZQy6HW7KbSstP6LA"/>
                        <button type="submit" class="btn btn-sm btn-outline-danger">
                            <i class="fas fa-sign-out-alt"></i> Logout
                        </button>
                    </form>
                </div>
                
            </div>
        </div>
    </header>
    
    <!-- Mobile Navigation Menu -->
    <div class="mobile-nav d-xl-none" id="mobileNav">
        <nav class="mobile-nav-content">
            <div>
                <!-- Home link -->
                <div>
                    <a class="mobile-nav-link" href="/">
                        <i class="fas fa-home"></i> Home
                    </a>
                </div>
                
                <!-- Create Post link -->
                <div>
                    <a class="mobile-nav-link" href="/posts/new">
                        <i class="fas fa-plus"></i> Create Post
                    </a>
                </div>
                
                
                <!-- Saved Posts link -->
                <div>
                    <a class="mobile-nav-link" href="/saved">
                        <i class="fas fa-bookmark"></i> Saved Posts
                    </a>
                </div>
                
                
                <hr class="mobile-nav-divider">
                
                <!-- Mobile Communities - visible for all users -->
                
                
                <!-- My Communities link for non-authenticated users -->
                
            </div>
            
            <hr class="mobile-nav-divider">
            
            <!-- Auth buttons for mobile -->
            
            
            <div>
                <form action="/logout" method="post" class="mobile-logout-form"><input type="hidden" name="_csrf" value="qxrCnAxGSOvvCRT9OUED_INBevuRpYkQUDWILg2sCE0fCJb0kyPzqWpycNPCO3fFW2w3xLMjV5rwnb89ZQy6HW7KbSstP6LA"/>
                    <input type="hidden" name="_csrf" value="qxrCnAxGSOvvCRT9OUED_INBevuRpYkQUDWILg2sCE0fCJb0kyPzqWpycNPCO3fFW2w3xLMjV5rwnb89ZQy6HW7KbSstP6LA"/>
                    <button type="submit" class="mobile-nav-link logout-btn">
                        <i class="fas fa-sign-out-alt"></i> Logout
                    </button>
                </form>
            </div>
        </nav>
    </div>
</div>

<div class="container mt-5">
    <div class="row justify-content-center">
        <div class="col-md-8">
            <div class="card">
                <div class="card-body text-center">
                    <h1 class="display-1 text-danger">500</h1>
                    <h2 class="mb-3">Server Error</h2>
                    <p class="lead">An unexpected error occurred</p>
                    <p class="text-muted">Please try again later</p>
                    <a href="/" class="btn btn-primary">Go Home</a>
                    <button onclick="history.back()" class="btn btn-secondary">Go Back</button>
                </div>
            </div>
        </div>
    </div>
</div>

<script src="https://cdn.jsdelivr.net/npm/bootstrap@5.3.0/dist/js/bootstrap.bundle.min.js"></script>
</body>
</html>
    Forwarded URL = null
   Redirected URL = null
          Cookies = []
]]></system-out>
  </testcase>
  <testcase name="unsavePost_ShouldReturnSuccess_WhenPostUnsaved" classname="discussionforum.Controllers.PostControllerTest" time="0.006"/>
</testsuite>